2017-11-29 10:30:47,614 - logger.py - INFO: 登录用例
2017-11-29 10:30:48,676 - logger.py - INFO: 输入用户名
2017-11-29 10:30:48,770 - logger.py - INFO: 输入密码
2017-11-29 10:30:49,223 - logger.py - INFO: 点击登录
2017-11-29 10:31:01,401 - logger.py - INFO: 登录用例
2017-11-29 10:31:02,592 - logger.py - INFO: 输入用户名
2017-11-29 10:31:02,706 - logger.py - INFO: 输入密码
2017-11-29 10:31:02,805 - logger.py - INFO: 点击登录
2017-11-29 10:31:14,811 - logger.py - INFO: 登录用例
2017-11-29 10:31:16,096 - logger.py - INFO: 输入用户名
2017-11-29 10:31:16,226 - logger.py - INFO: 输入密码
2017-11-29 10:31:16,627 - logger.py - INFO: 点击登录
2017-11-29 10:31:29,197 - logger.py - INFO: 登录用例
2017-11-29 10:31:30,493 - logger.py - INFO: 输入用户名
2017-11-29 10:31:30,601 - logger.py - INFO: 输入密码
2017-11-29 10:31:30,697 - logger.py - INFO: 点击登录
2017-11-29 10:35:10,631 - logger.py - INFO: 登录用例
2017-11-29 10:35:11,767 - logger.py - INFO: 输入用户名
2017-11-29 10:35:11,894 - logger.py - INFO: 输入密码
2017-11-29 10:35:12,289 - logger.py - INFO: 点击登录
2017-11-29 10:35:23,984 - logger.py - INFO: 登录用例
2017-11-29 10:35:25,029 - logger.py - INFO: 输入用户名
2017-11-29 10:35:25,155 - logger.py - INFO: 输入密码
2017-11-29 10:35:25,572 - logger.py - INFO: 点击登录
2017-11-29 10:35:36,950 - logger.py - INFO: 登录用例
2017-11-29 10:35:38,141 - logger.py - INFO: 输入用户名
2017-11-29 10:35:38,272 - logger.py - INFO: 输入密码
2017-11-29 10:35:38,375 - logger.py - INFO: 点击登录
2017-11-29 10:35:51,163 - logger.py - INFO: 登录用例
2017-11-29 10:35:52,398 - logger.py - INFO: 输入用户名
2017-11-29 10:35:52,540 - logger.py - INFO: 输入密码
2017-11-29 10:35:52,956 - logger.py - INFO: 点击登录
2017-11-29 10:42:47,046 - logger.py - INFO: 登录用例
2017-11-29 10:42:48,233 - logger.py - INFO: 输入用户名
2017-11-29 10:42:48,335 - logger.py - INFO: 输入密码
2017-11-29 10:42:48,436 - logger.py - INFO: 点击登录
2017-11-29 10:43:00,726 - logger.py - INFO: 登录用例
2017-11-29 10:43:01,900 - logger.py - INFO: 输入用户名
2017-11-29 10:43:02,032 - logger.py - INFO: 输入密码
2017-11-29 10:43:02,459 - logger.py - INFO: 点击登录
2017-11-29 10:43:13,946 - logger.py - INFO: 登录用例
2017-11-29 10:43:15,075 - logger.py - INFO: 输入用户名
2017-11-29 10:43:15,191 - logger.py - INFO: 输入密码
2017-11-29 10:43:15,604 - logger.py - INFO: 点击登录
2017-11-29 10:43:28,196 - logger.py - INFO: 登录用例
2017-11-29 10:43:29,286 - logger.py - INFO: 输入用户名
2017-11-29 10:43:29,421 - logger.py - INFO: 输入密码
2017-11-29 10:43:29,819 - logger.py - INFO: 点击登录
2017-11-29 10:54:45,969 - logger.py - INFO: 登录用例
2017-11-29 10:54:47,128 - logger.py - INFO: 输入用户名
2017-11-29 10:54:47,243 - logger.py - INFO: 输入密码
2017-11-29 10:54:47,640 - logger.py - INFO: 点击登录
2017-11-29 10:54:59,441 - logger.py - INFO: 登录用例
2017-11-29 10:55:00,635 - logger.py - INFO: 输入用户名
2017-11-29 10:55:00,750 - logger.py - INFO: 输入密码
2017-11-29 10:55:00,846 - logger.py - INFO: 点击登录
2017-11-29 10:55:13,075 - logger.py - INFO: 登录用例
2017-11-29 10:55:14,344 - logger.py - INFO: 输入用户名
2017-11-29 10:55:14,467 - logger.py - INFO: 输入密码
2017-11-29 10:55:14,569 - logger.py - INFO: 点击登录
2017-11-29 10:55:26,964 - logger.py - INFO: 登录用例
2017-11-29 10:55:28,069 - logger.py - INFO: 输入用户名
2017-11-29 10:55:28,193 - logger.py - INFO: 输入密码
2017-11-29 10:55:28,288 - logger.py - INFO: 点击登录
2017-11-29 10:56:39,756 - logger.py - INFO: 登录用例
2017-11-29 10:56:40,803 - logger.py - INFO: 输入用户名
2017-11-29 10:56:40,901 - logger.py - INFO: 输入密码
2017-11-29 10:56:41,309 - logger.py - INFO: 点击登录
2017-11-29 10:56:53,546 - logger.py - INFO: 登录用例
2017-11-29 10:56:54,615 - logger.py - INFO: 输入用户名
2017-11-29 10:56:55,078 - logger.py - INFO: 输入密码
2017-11-29 10:56:55,165 - logger.py - INFO: 点击登录
2017-11-29 10:57:06,970 - logger.py - INFO: 登录用例
2017-11-29 10:57:08,092 - logger.py - INFO: 输入用户名
2017-11-29 10:57:08,207 - logger.py - INFO: 输入密码
2017-11-29 10:57:08,301 - logger.py - INFO: 点击登录
2017-11-29 10:57:21,163 - logger.py - INFO: 登录用例
2017-11-29 10:57:22,361 - logger.py - INFO: 输入用户名
2017-11-29 10:57:22,477 - logger.py - INFO: 输入密码
2017-11-29 10:57:22,888 - logger.py - INFO: 点击登录
2017-11-29 11:00:35,624 - logger.py - INFO: 登录用例
2017-11-29 11:00:36,747 - logger.py - INFO: 输入用户名
2017-11-29 11:00:36,848 - logger.py - INFO: 输入密码
2017-11-29 11:00:36,947 - logger.py - INFO: 点击登录
2017-11-29 11:00:49,404 - logger.py - INFO: 登录用例
2017-11-29 11:00:50,625 - logger.py - INFO: 输入用户名
2017-11-29 11:00:50,742 - logger.py - INFO: 输入密码
2017-11-29 11:00:51,153 - logger.py - INFO: 点击登录
2017-11-29 11:01:02,888 - logger.py - INFO: 登录用例
2017-11-29 11:01:04,006 - logger.py - INFO: 输入用户名
2017-11-29 11:01:04,141 - logger.py - INFO: 输入密码
2017-11-29 11:01:04,536 - logger.py - INFO: 点击登录
2017-11-29 11:01:17,188 - logger.py - INFO: 登录用例
2017-11-29 11:01:18,528 - logger.py - INFO: 输入用户名
2017-11-29 11:01:18,963 - logger.py - INFO: 输入密码
2017-11-29 11:01:19,053 - logger.py - INFO: 点击登录
2017-11-29 11:03:23,318 - logger.py - INFO: 登录用例
2017-11-29 11:03:24,493 - logger.py - INFO: 输入用户名
2017-11-29 11:03:24,601 - logger.py - INFO: 输入密码
2017-11-29 11:03:24,709 - logger.py - INFO: 点击登录
2017-11-29 11:03:36,997 - logger.py - INFO: 登录用例
2017-11-29 11:03:38,160 - logger.py - INFO: 输入用户名
2017-11-29 11:03:38,282 - logger.py - INFO: 输入密码
2017-11-29 11:03:38,694 - logger.py - INFO: 点击登录
2017-11-29 11:03:50,471 - logger.py - INFO: 登录用例
2017-11-29 11:03:51,578 - logger.py - INFO: 输入用户名
2017-11-29 11:03:51,717 - logger.py - INFO: 输入密码
2017-11-29 11:03:51,826 - logger.py - INFO: 点击登录
2017-11-29 11:04:04,302 - logger.py - INFO: 登录用例
2017-11-29 11:04:05,385 - logger.py - INFO: 输入用户名
2017-11-29 11:04:05,502 - logger.py - INFO: 输入密码
2017-11-29 11:04:05,901 - logger.py - INFO: 点击登录
2017-11-29 11:04:43,749 - logger.py - INFO: 登录用例
2017-11-29 11:04:44,829 - logger.py - INFO: 输入用户名
2017-11-29 11:04:44,927 - logger.py - INFO: 输入密码
2017-11-29 11:04:45,384 - logger.py - INFO: 点击登录
2017-11-29 11:04:56,976 - logger.py - INFO: 登录用例
2017-11-29 11:04:58,061 - logger.py - INFO: 输入用户名
2017-11-29 11:04:58,203 - logger.py - INFO: 输入密码
2017-11-29 11:04:58,617 - logger.py - INFO: 点击登录
2017-11-29 11:05:10,736 - logger.py - INFO: 登录用例
2017-11-29 11:05:11,844 - logger.py - INFO: 输入用户名
2017-11-29 11:05:11,953 - logger.py - INFO: 输入密码
2017-11-29 11:05:12,046 - logger.py - INFO: 点击登录
2017-11-29 11:05:24,783 - logger.py - INFO: 登录用例
2017-11-29 11:05:26,026 - logger.py - INFO: 输入用户名
2017-11-29 11:05:26,132 - logger.py - INFO: 输入密码
2017-11-29 11:05:26,240 - logger.py - INFO: 点击登录
2017-11-29 11:05:52,957 - logger.py - INFO: 登录用例
2017-11-29 11:05:54,046 - logger.py - INFO: 输入用户名
2017-11-29 11:05:54,148 - logger.py - INFO: 输入密码
2017-11-29 11:05:54,551 - logger.py - INFO: 点击登录
2017-11-29 11:06:43,486 - logger.py - INFO: 登录用例
2017-11-29 11:06:44,638 - logger.py - INFO: 输入用户名
2017-11-29 11:06:44,753 - logger.py - INFO: 输入密码
2017-11-29 11:06:45,164 - logger.py - INFO: 点击登录
2017-11-29 11:07:26,904 - logger.py - INFO: 登录用例
2017-11-29 11:07:28,072 - logger.py - INFO: 输入用户名
2017-11-29 11:07:28,180 - logger.py - INFO: 输入密码
2017-11-29 11:07:28,289 - logger.py - INFO: 点击登录
2017-11-29 11:07:54,055 - logger.py - INFO: 登录用例
2017-11-29 11:07:55,142 - logger.py - INFO: 输入用户名
2017-11-29 11:07:55,260 - logger.py - INFO: 输入密码
2017-11-29 11:07:55,693 - logger.py - INFO: 点击登录
2017-11-29 11:08:25,355 - logger.py - INFO: 登录用例
2017-11-29 11:08:26,628 - logger.py - INFO: 输入用户名
2017-11-29 11:08:26,730 - logger.py - INFO: 输入密码
2017-11-29 11:08:27,176 - logger.py - INFO: 点击登录
2017-11-29 11:08:49,210 - logger.py - INFO: 登录用例
2017-11-29 11:08:50,401 - logger.py - INFO: 输入用户名
2017-11-29 11:08:50,528 - logger.py - INFO: 输入密码
2017-11-29 11:08:50,631 - logger.py - INFO: 点击登录
2017-11-29 11:09:07,332 - logger.py - INFO: 登录用例
2017-11-29 11:09:08,565 - logger.py - INFO: 输入用户名
2017-11-29 11:09:08,667 - logger.py - INFO: 输入密码
2017-11-29 11:09:08,772 - logger.py - INFO: 点击登录
2017-11-29 11:10:24,499 - logger.py - INFO: 登录用例
2017-11-29 11:10:27,301 - logger.py - INFO: 输入用户名
2017-11-29 11:10:27,417 - logger.py - INFO: 输入密码
2017-11-29 11:10:27,523 - logger.py - INFO: 点击登录
2017-11-29 11:10:53,713 - logger.py - INFO: 登录用例
2017-11-29 11:10:57,365 - logger.py - INFO: 输入用户名
2017-11-29 11:10:57,466 - logger.py - INFO: 输入密码
2017-11-29 11:10:57,572 - logger.py - INFO: 点击登录
2017-11-29 11:11:13,721 - logger.py - INFO: 登录用例
2017-11-29 11:11:17,349 - logger.py - INFO: 输入用户名
2017-11-29 11:11:17,476 - logger.py - INFO: 输入密码
2017-11-29 11:11:17,654 - logger.py - INFO: 点击登录
2017-11-29 11:11:31,351 - logger.py - INFO: 登录用例
2017-11-29 11:11:35,253 - logger.py - INFO: 输入用户名
2017-11-29 11:11:36,516 - logger.py - INFO: 输入密码
2017-11-29 11:11:36,667 - logger.py - INFO: 点击登录
2017-11-29 11:11:51,493 - logger.py - INFO: 登录用例
2017-11-29 11:11:55,424 - logger.py - INFO: 输入用户名
2017-11-29 11:11:56,239 - logger.py - INFO: 输入密码
2017-11-29 11:11:56,341 - logger.py - INFO: 点击登录
2017-11-29 11:12:26,733 - logger.py - INFO: 登录用例
2017-11-29 11:12:27,762 - logger.py - INFO: 输入用户名
2017-11-29 11:12:27,864 - logger.py - INFO: 输入密码
2017-11-29 11:12:27,984 - logger.py - INFO: 点击登录
2017-11-29 11:12:29,592 - logger.py - INFO: 用例：test_login---NO.:1 ，断言通过
2017-11-29 11:12:39,736 - logger.py - INFO: 登录用例
2017-11-29 11:12:41,012 - logger.py - INFO: 输入用户名
2017-11-29 11:12:41,128 - logger.py - INFO: 输入密码
2017-11-29 11:12:41,230 - logger.py - INFO: 点击登录
2017-11-29 11:13:39,663 - logger.py - INFO: 登录用例
2017-11-29 11:13:40,200 - logger.py - INFO: 输入用户名
2017-11-29 11:13:40,262 - logger.py - INFO: 输入密码
2017-11-29 11:13:40,339 - logger.py - INFO: 点击登录
2017-11-29 11:13:42,256 - logger.py - INFO: 用例：test_login---NO.:1 ，断言通过
2017-11-29 11:13:46,828 - logger.py - INFO: 登录用例
2017-11-29 11:13:47,266 - logger.py - INFO: 输入用户名
2017-11-29 11:13:47,335 - logger.py - INFO: 输入密码
2017-11-29 11:13:47,418 - logger.py - INFO: 点击登录
2017-11-29 11:13:49,279 - logger.py - INFO: 用例：test_login---NO.:2 ，断言通过
2017-11-29 11:13:56,355 - logger.py - INFO: 登录用例
2017-11-29 11:13:56,799 - logger.py - INFO: 输入用户名
2017-11-29 11:13:56,871 - logger.py - INFO: 输入密码
2017-11-29 11:13:56,953 - logger.py - INFO: 点击登录
2017-11-29 11:13:59,311 - logger.py - INFO: 11用例：test_login---NO.:3 ,断言失败的原因：u'524726977' != '524726976'
2017-11-29 11:14:04,012 - logger.py - INFO: 登录用例
2017-11-29 11:14:04,474 - logger.py - INFO: 输入用户名
2017-11-29 11:14:04,548 - logger.py - INFO: 输入密码
2017-11-29 11:14:04,638 - logger.py - INFO: 点击登录
2017-11-29 11:14:04,841 - logger.py - INFO: 11用例：test_login---NO.:4 ,断言失败的原因：u'\u5bc6\u7801\u4e0d\u6b63\u786e' != '524726977'
2017-11-29 11:24:36,062 - logger.py - INFO: 登录用例
2017-11-29 11:24:36,601 - logger.py - INFO: 输入用户名
2017-11-29 11:24:36,665 - logger.py - INFO: 输入密码
2017-11-29 11:24:36,750 - logger.py - INFO: 点击登录
2017-11-29 11:24:39,165 - logger.py - INFO: 用例：test_login---NO.:1 ，断言通过
2017-11-29 11:24:43,730 - logger.py - INFO: 登录用例
2017-11-29 11:24:44,187 - logger.py - INFO: 输入用户名
2017-11-29 11:24:44,253 - logger.py - INFO: 输入密码
2017-11-29 11:24:44,336 - logger.py - INFO: 点击登录
2017-11-29 11:24:46,204 - logger.py - INFO: 用例：test_login---NO.:2 ，断言通过
2017-11-29 11:24:53,276 - logger.py - INFO: 登录用例
2017-11-29 11:24:53,709 - logger.py - INFO: 输入用户名
2017-11-29 11:24:53,789 - logger.py - INFO: 输入密码
2017-11-29 11:24:53,872 - logger.py - INFO: 点击登录
2017-11-29 11:24:55,592 - logger.py - INFO: 11用例：test_login---NO.:3 ,断言失败的原因：u'524726977' != '524726976'
2017-11-29 11:25:00,275 - logger.py - INFO: 登录用例
2017-11-29 11:25:00,709 - logger.py - INFO: 输入用户名
2017-11-29 11:25:00,775 - logger.py - INFO: 输入密码
2017-11-29 11:25:00,855 - logger.py - INFO: 点击登录
2017-11-29 11:25:01,153 - logger.py - INFO: 11用例：test_login---NO.:4 ,断言失败的原因：u'\u5bc6\u7801\u4e0d\u6b63\u786e' != '524726977'
2017-11-29 11:25:52,328 - logger.py - INFO: 登录用例
2017-11-29 11:25:52,780 - logger.py - INFO: 输入用户名
2017-11-29 11:25:52,851 - logger.py - INFO: 输入密码
2017-11-29 11:25:52,946 - logger.py - INFO: 点击登录
2017-11-29 11:25:54,809 - logger.py - INFO: 用例：test_login---NO.:1 ，断言通过
2017-11-29 11:25:59,372 - logger.py - INFO: 登录用例
2017-11-29 11:25:59,815 - logger.py - INFO: 输入用户名
2017-11-29 11:25:59,881 - logger.py - INFO: 输入密码
2017-11-29 11:25:59,971 - logger.py - INFO: 点击登录
2017-11-29 11:26:02,404 - logger.py - INFO: 用例：test_login---NO.:2 ，断言通过
2017-11-29 11:26:09,486 - logger.py - INFO: 登录用例
2017-11-29 11:26:09,921 - logger.py - INFO: 输入用户名
2017-11-29 11:26:09,990 - logger.py - INFO: 输入密码
2017-11-29 11:26:10,088 - logger.py - INFO: 点击登录
2017-11-29 11:26:12,137 - logger.py - INFO: 11用例：test_login---NO.:3 ,断言失败的原因：u'524726977' != '524726976'
2017-11-29 11:26:16,819 - logger.py - INFO: 登录用例
2017-11-29 11:26:17,256 - logger.py - INFO: 输入用户名
2017-11-29 11:26:17,328 - logger.py - INFO: 输入密码
2017-11-29 11:26:17,408 - logger.py - INFO: 点击登录
2017-11-29 11:26:17,701 - logger.py - INFO: 11用例：test_login---NO.:4 ,断言失败的原因：u'\u5bc6\u7801\u4e0d\u6b63\u786e' != '524726977'
2017-11-29 11:26:44,025 - logger.py - INFO: 登录用例
2017-11-29 11:26:44,464 - logger.py - INFO: 输入用户名
2017-11-29 11:26:44,526 - logger.py - INFO: 输入密码
2017-11-29 11:26:44,612 - logger.py - INFO: 点击登录
2017-11-29 11:26:46,467 - logger.py - INFO: 用例：test_login---NO.:1 ，断言通过
2017-11-29 11:26:53,552 - logger.py - INFO: 登录用例
2017-11-29 11:26:53,986 - logger.py - INFO: 输入用户名
2017-11-29 11:26:54,056 - logger.py - INFO: 输入密码
2017-11-29 11:26:54,141 - logger.py - INFO: 点击登录
2017-11-29 11:26:56,542 - logger.py - INFO: 用例：test_login---NO.:2 ，断言通过
2017-11-29 11:27:03,611 - logger.py - INFO: 登录用例
2017-11-29 11:27:04,046 - logger.py - INFO: 输入用户名
2017-11-29 11:27:04,114 - logger.py - INFO: 输入密码
2017-11-29 11:27:04,197 - logger.py - INFO: 点击登录
2017-11-29 11:27:06,684 - logger.py - INFO: 11用例：test_login---NO.:3 ,断言失败的原因：u'524726977' != '524726976'
2017-11-29 11:27:11,372 - logger.py - INFO: 登录用例
2017-11-29 11:27:11,809 - logger.py - INFO: 输入用户名
2017-11-29 11:27:11,894 - logger.py - INFO: 输入密码
2017-11-29 11:27:11,993 - logger.py - INFO: 点击登录
2017-11-29 11:27:12,213 - logger.py - INFO: 11用例：test_login---NO.:4 ,断言失败的原因：u'\u5bc6\u7801\u4e0d\u6b63\u786e' != '524726977'
2017-11-29 11:27:24,789 - logger.py - INFO: 登录用例
2017-11-29 11:27:25,219 - logger.py - INFO: 输入用户名
2017-11-29 11:27:25,279 - logger.py - INFO: 输入密码
2017-11-29 11:27:25,369 - logger.py - INFO: 点击登录
2017-11-29 11:27:26,953 - logger.py - INFO: 用例：test_login---NO.:1 ，断言通过
2017-11-29 11:27:34,038 - logger.py - INFO: 登录用例
2017-11-29 11:27:34,497 - logger.py - INFO: 输入用户名
2017-11-29 11:27:34,562 - logger.py - INFO: 输入密码
2017-11-29 11:27:34,641 - logger.py - INFO: 点击登录
2017-11-29 11:27:36,417 - logger.py - INFO: 用例：test_login---NO.:2 ，断言通过
2017-11-29 11:27:43,493 - logger.py - INFO: 登录用例
2017-11-29 11:27:43,933 - logger.py - INFO: 输入用户名
2017-11-29 11:27:44,000 - logger.py - INFO: 输入密码
2017-11-29 11:27:44,076 - logger.py - INFO: 点击登录
2017-11-29 11:27:45,785 - logger.py - INFO: 11用例：test_login---NO.:3 ,断言失败的原因：u'524726977' != '524726976'
2017-11-29 11:27:50,483 - logger.py - INFO: 登录用例
2017-11-29 11:27:50,918 - logger.py - INFO: 输入用户名
2017-11-29 11:27:50,989 - logger.py - INFO: 输入密码
2017-11-29 11:27:51,088 - logger.py - INFO: 点击登录
2017-11-29 11:27:51,407 - logger.py - INFO: 11用例：test_login---NO.:4 ,断言失败的原因：u'\u5bc6\u7801\u4e0d\u6b63\u786e' != '524726977'
2017-11-29 11:30:58,448 - logger.py - INFO: 登录用例
2017-11-29 11:30:58,903 - logger.py - INFO: 输入用户名
2017-11-29 11:30:58,971 - logger.py - INFO: 输入密码
2017-11-29 11:30:59,056 - logger.py - INFO: 点击登录
2017-11-29 11:31:01,691 - logger.py - INFO: 用例：test_login---NO.:1 ，断言通过
2017-11-29 11:31:08,790 - logger.py - INFO: 登录用例
2017-11-29 11:31:09,230 - logger.py - INFO: 输入用户名
2017-11-29 11:31:09,299 - logger.py - INFO: 输入密码
2017-11-29 11:31:09,394 - logger.py - INFO: 点击登录
2017-11-29 11:31:11,227 - logger.py - INFO: 用例：test_login---NO.:2 ，断言通过
2017-11-29 11:31:15,855 - logger.py - INFO: 登录用例
2017-11-29 11:31:16,391 - logger.py - INFO: 输入用户名
2017-11-29 11:31:16,461 - logger.py - INFO: 输入密码
2017-11-29 11:31:16,546 - logger.py - INFO: 点击登录
2017-11-29 11:31:18,338 - logger.py - INFO: 11用例：test_login---NO.:3 ,断言失败的原因：u'524726977' != '524726976'
2017-11-29 11:31:23,028 - logger.py - INFO: 登录用例
2017-11-29 11:31:23,473 - logger.py - INFO: 输入用户名
2017-11-29 11:31:23,546 - logger.py - INFO: 输入密码
2017-11-29 11:31:23,628 - logger.py - INFO: 点击登录
2017-11-29 11:31:23,937 - logger.py - INFO: 11用例：test_login---NO.:4 ,断言失败的原因：u'\u5bc6\u7801\u4e0d\u6b63\u786e' != '524726977'
2017-11-29 11:32:43,963 - logger.py - INFO: 登录用例
2017-11-29 11:32:44,404 - logger.py - INFO: 输入用户名
2017-11-29 11:32:44,467 - logger.py - INFO: 输入密码
2017-11-29 11:32:44,529 - logger.py - INFO: 点击登录
2017-11-29 11:32:51,311 - logger.py - INFO: 登录用例
2017-11-29 11:32:51,756 - logger.py - INFO: 输入用户名
2017-11-29 11:32:51,816 - logger.py - INFO: 输入密码
2017-11-29 11:32:51,875 - logger.py - INFO: 点击登录
2017-11-29 11:33:01,180 - logger.py - INFO: 登录用例
2017-11-29 11:33:01,627 - logger.py - INFO: 输入用户名
2017-11-29 11:33:01,690 - logger.py - INFO: 输入密码
2017-11-29 11:33:01,753 - logger.py - INFO: 点击登录
2017-11-29 11:33:08,470 - logger.py - INFO: 登录用例
2017-11-29 11:33:08,917 - logger.py - INFO: 输入用户名
2017-11-29 11:33:08,989 - logger.py - INFO: 输入密码
2017-11-29 11:33:09,076 - logger.py - INFO: 点击登录
2017-11-29 11:33:09,387 - logger.py - INFO: 用例：test_login---NO.:4 ,断言失败的原因：u'\u5bc6\u7801\u4e0d\u6b63\u786e' != '524726977'
2017-11-29 11:50:50,818 - logger.py - INFO: 登录用例
2017-11-29 11:50:51,250 - logger.py - INFO: 输入用户名
2017-11-29 11:50:51,315 - logger.py - INFO: 输入密码
2017-11-29 11:50:51,394 - logger.py - INFO: 点击登录
2017-11-29 11:50:59,282 - logger.py - INFO: 登录用例
2017-11-29 11:50:59,713 - logger.py - INFO: 输入用户名
2017-11-29 11:50:59,786 - logger.py - INFO: 输入密码
2017-11-29 11:50:59,865 - logger.py - INFO: 点击登录
2017-11-29 11:51:01,670 - logger.py - INFO: 用例：test_login---NO.:2 ，断言通过
2017-11-29 11:51:06,262 - logger.py - INFO: 登录用例
2017-11-29 11:51:06,615 - logger.py - INFO: 输入用户名
2017-11-29 11:51:06,681 - logger.py - INFO: 输入密码
2017-11-29 11:51:06,766 - logger.py - INFO: 点击登录
2017-11-29 11:51:08,549 - logger.py - INFO: 用例：test_login---NO.:3 ,断言失败的原因：u'524726977' != '524726976'
2017-11-29 11:51:13,273 - logger.py - INFO: 登录用例
2017-11-29 11:51:13,711 - logger.py - INFO: 输入用户名
2017-11-29 11:51:13,780 - logger.py - INFO: 输入密码
2017-11-29 11:51:13,862 - logger.py - INFO: 点击登录
2017-11-29 11:51:14,177 - logger.py - INFO: 用例：test_login---NO.:4 ,断言失败的原因：u'\u5bc6\u7801\u4e0d\u6b63\u786e' != '524726977'
2017-11-29 11:51:58,285 - logger.py - INFO: 登录用例
2017-11-29 11:51:58,717 - logger.py - INFO: 输入用户名
2017-11-29 11:51:58,789 - logger.py - INFO: 输入密码
2017-11-29 11:51:58,880 - logger.py - INFO: 点击登录
2017-11-29 11:53:23,219 - logger.py - INFO: 登录用例
2017-11-29 11:53:23,647 - logger.py - INFO: 输入用户名
2017-11-29 11:53:23,713 - logger.py - INFO: 输入密码
2017-11-29 11:53:23,795 - logger.py - INFO: 点击登录
2017-11-29 11:53:26,023 - logger.py - INFO: 用例：test_login---NO.:1 ,断言失败的原因：Message: {"request":{"headers":{"Accept":"application/json","Accept-Encoding":"identity","Connection":"close","Content-Length":"91","Content-Type":"application/json;charset=UTF-8","Host":"127.0.0.1:56573","User-Agent":"Python-urllib/2.7"},"httpVersion":"1.1","method":"POST","post":"{\"using\": \"css selector\", \"sessionId\": \"d7759dd0-d4b8-11e7-9946-63b9278964a9\", \"value\": \"\"}","url":"/element","urlParsed":{"anchor":"","query":"","file":"element","directory":"/","path":"/element","relative":"/element","port":"","host":"","password":"","user":"","userInfo":"","authority":"","protocol":"","source":"/element","queryKey":{},"chunks":["element"]},"urlOriginal":"/session/d7759dd0-d4b8-11e7-9946-63b9278964a9/element"}}
Screenshot: available via screen

2017-11-29 11:55:10,450 - logger.py - INFO: 登录用例
2017-11-29 11:55:10,894 - logger.py - INFO: 输入用户名
2017-11-29 11:55:10,960 - logger.py - INFO: 输入密码
2017-11-29 11:55:11,053 - logger.py - INFO: 点击登录
2017-11-29 11:55:12,900 - logger.py - INFO: 用例：test_login---NO.:1 ，断言通过
2017-11-29 11:55:27,091 - logger.py - INFO: 登录用例
2017-11-29 11:55:27,526 - logger.py - INFO: 输入用户名
2017-11-29 11:55:27,592 - logger.py - INFO: 输入密码
2017-11-29 11:55:27,673 - logger.py - INFO: 点击登录
2017-11-29 11:55:29,407 - logger.py - INFO: 用例：test_login---NO.:1 ,断言失败的原因：u'98556' != '98557'
2017-11-29 11:59:17,664 - logger.py - INFO: 登录用例
2017-11-29 11:59:18,094 - logger.py - INFO: 输入用户名
2017-11-29 11:59:18,160 - logger.py - INFO: 输入密码
2017-11-29 11:59:18,240 - logger.py - INFO: 点击登录
2017-11-29 11:59:20,730 - logger.py - INFO: 用例：test_login---NO.:1 ,断言失败的原因：None != '98557'
2017-11-29 12:02:34,134 - logger.py - INFO: 登录用例
2017-11-29 12:02:34,565 - logger.py - INFO: 输入用户名
2017-11-29 12:02:34,628 - logger.py - INFO: 输入密码
2017-11-29 12:02:34,706 - logger.py - INFO: 点击登录
2017-11-29 12:02:36,233 - logger.py - INFO: 用例：test_login---NO.:1 ,断言失败的原因：None != '98557'
2017-11-29 12:04:03,905 - logger.py - INFO: 登录用例
2017-11-29 12:04:04,338 - logger.py - INFO: 输入用户名
2017-11-29 12:05:40,197 - logger.py - INFO: 登录用例
2017-11-29 12:05:40,655 - logger.py - INFO: 输入用户名
2017-11-29 12:05:40,730 - logger.py - INFO: 输入密码
2017-11-29 12:05:40,816 - logger.py - INFO: 点击登录
2017-11-29 12:05:42,533 - logger.py - INFO: 用例：test_login---NO.:1 ,断言失败的原因：None != '98557'
2017-11-29 12:06:36,907 - logger.py - INFO: 登录用例
2017-11-29 12:06:37,362 - logger.py - INFO: 输入用户名
2017-11-29 12:06:37,428 - logger.py - INFO: 输入密码
2017-11-29 12:06:37,506 - logger.py - INFO: 点击登录
2017-11-29 12:06:39,700 - logger.py - INFO: 用例：test_login---NO.:1 ,断言失败的原因：None != '98557'
2017-11-29 12:07:40,759 - logger.py - INFO: 登录用例
2017-11-29 12:07:41,904 - logger.py - INFO: 输入用户名
2017-11-29 12:07:42,032 - logger.py - INFO: 输入密码
2017-11-29 12:07:42,142 - logger.py - INFO: 点击登录
2017-11-29 12:07:44,009 - logger.py - INFO: 用例：test_login---NO.:1 ,断言失败的原因：None != '98557'
2017-11-29 12:09:05,210 - logger.py - INFO: 登录用例
2017-11-29 12:09:06,346 - logger.py - INFO: 输入用户名
2017-11-29 12:09:06,451 - logger.py - INFO: 输入密码
2017-11-29 12:09:06,549 - logger.py - INFO: 点击登录
2017-11-29 12:09:08,099 - logger.py - INFO: 用例：test_login---NO.:1 ,断言失败的原因：None != '98557'
2017-11-29 12:09:24,663 - logger.py - INFO: 登录用例
2017-11-29 12:09:25,809 - logger.py - INFO: 输入用户名
2017-11-29 12:09:25,914 - logger.py - INFO: 输入密码
2017-11-29 12:09:26,013 - logger.py - INFO: 点击登录
2017-11-29 12:09:27,582 - logger.py - INFO: 用例：test_login---NO.:1 ,断言失败的原因：None != '98557'
2017-11-29 12:09:49,710 - logger.py - INFO: 登录用例
2017-11-29 12:09:50,759 - logger.py - INFO: 输入用户名
2017-11-29 12:09:50,861 - logger.py - INFO: 输入密码
2017-11-29 12:09:51,305 - logger.py - INFO: 点击登录
2017-11-29 12:09:52,438 - logger.py - INFO: 用例：test_login---NO.:1 ,断言失败的原因：None != '98557'
2017-11-29 12:10:21,006 - logger.py - INFO: 登录用例
2017-11-29 12:10:22,119 - logger.py - INFO: 输入用户名
2017-11-29 14:25:00,296 - logger.py - INFO: 登录用例
2017-11-29 14:25:10,549 - logger.py - INFO: 登录用例
2017-11-29 14:25:41,520 - logger.py - INFO: 登录用例
2017-11-29 14:25:42,628 - logger.py - INFO: 输入用户名
2017-11-29 14:25:42,730 - logger.py - INFO: 输入密码
2017-11-29 14:25:43,131 - logger.py - INFO: 点击登录
2017-11-29 14:25:44,440 - logger.py - INFO: 用例：test_login---NO.:1 ,断言失败的原因：None != '98556'
2017-11-29 14:25:55,019 - logger.py - INFO: 登录用例
2017-11-29 14:25:56,128 - logger.py - INFO: 输入用户名
2017-11-29 14:25:56,243 - logger.py - INFO: 输入密码
2017-11-29 14:25:56,653 - logger.py - INFO: 点击登录
2017-11-29 14:25:57,973 - logger.py - INFO: 用例：test_login---NO.:2 ,断言失败的原因：None != '563482731'
2017-11-29 14:26:09,101 - logger.py - INFO: 登录用例
2017-11-29 14:26:10,174 - logger.py - INFO: 输入用户名
2017-11-29 14:26:10,302 - logger.py - INFO: 输入密码
2017-11-29 14:26:10,696 - logger.py - INFO: 点击登录
2017-11-29 14:26:12,226 - logger.py - INFO: 用例：test_login---NO.:3 ,断言失败的原因：None != '524726976'
2017-11-29 14:26:22,901 - logger.py - INFO: 登录用例
2017-11-29 14:26:23,973 - logger.py - INFO: 输入用户名
2017-11-29 14:26:24,094 - logger.py - INFO: 输入密码
2017-11-29 14:26:24,190 - logger.py - INFO: 点击登录
2017-11-29 14:26:24,418 - logger.py - INFO: 用例：test_login---NO.:4 ,断言失败的原因：None != '524726977'
2017-11-29 14:30:22,937 - logger.py - INFO: 登录用例
2017-11-29 14:30:24,088 - logger.py - INFO: 输入用户名
2017-11-29 14:30:24,184 - logger.py - INFO: 输入密码
2017-11-29 14:30:24,282 - logger.py - INFO: 点击登录
2017-11-29 14:30:26,290 - logger.py - INFO: 用例：test_login---NO.:1 ,断言失败的原因：None != '98556'
2017-11-29 14:30:37,102 - logger.py - INFO: 登录用例
2017-11-29 14:30:38,296 - logger.py - INFO: 输入用户名
2017-11-29 14:30:38,415 - logger.py - INFO: 输入密码
2017-11-29 14:30:38,829 - logger.py - INFO: 点击登录
2017-11-29 14:30:41,105 - logger.py - INFO: 用例：test_login---NO.:2 ,断言失败的原因：None != '563482731'
2017-11-29 14:30:51,782 - logger.py - INFO: 登录用例
2017-11-29 14:30:53,079 - logger.py - INFO: 输入用户名
2017-11-29 14:30:53,203 - logger.py - INFO: 输入密码
2017-11-29 14:30:53,298 - logger.py - INFO: 点击登录
2017-11-29 14:30:55,923 - logger.py - INFO: 用例：test_login---NO.:3 ,断言失败的原因：None != '524726976'
2017-11-29 14:31:07,032 - logger.py - INFO: 登录用例
2017-11-29 14:31:08,298 - logger.py - INFO: 输入用户名
2017-11-29 14:31:08,420 - logger.py - INFO: 输入密码
2017-11-29 14:31:08,842 - logger.py - INFO: 点击登录
2017-11-29 14:31:09,122 - logger.py - INFO: 用例：test_login---NO.:4 ,断言失败的原因：None != '524726977'
2017-11-29 14:33:25,115 - logger.py - INFO: 登录用例
2017-11-29 14:33:26,150 - logger.py - INFO: 输入用户名
2017-11-29 14:33:26,256 - logger.py - INFO: 输入密码
2017-11-29 14:33:26,660 - logger.py - INFO: 点击登录
2017-11-29 14:33:28,755 - logger.py - INFO: 用例：test_login---NO.:1 ,断言失败的原因：None != '98556'
2017-11-29 14:33:39,368 - logger.py - INFO: 登录用例
2017-11-29 14:33:40,631 - logger.py - INFO: 输入用户名
2017-11-29 14:33:40,755 - logger.py - INFO: 输入密码
2017-11-29 14:33:41,165 - logger.py - INFO: 点击登录
2017-11-29 14:33:42,361 - logger.py - INFO: 用例：test_login---NO.:2 ,断言失败的原因：None != '563482731'
2017-11-29 14:33:53,316 - logger.py - INFO: 登录用例
2017-11-29 14:33:54,453 - logger.py - INFO: 输入用户名
2017-11-29 14:33:54,575 - logger.py - INFO: 输入密码
2017-11-29 14:33:54,996 - logger.py - INFO: 点击登录
2017-11-29 14:33:56,482 - logger.py - INFO: 用例：test_login---NO.:3 ,断言失败的原因：None != '524726976'
2017-11-29 14:34:07,115 - logger.py - INFO: 登录用例
2017-11-29 14:34:08,180 - logger.py - INFO: 输入用户名
2017-11-29 14:34:08,293 - logger.py - INFO: 输入密码
2017-11-29 14:34:08,388 - logger.py - INFO: 点击登录
2017-11-29 14:34:08,951 - logger.py - INFO: 用例：test_login---NO.:4 ,断言失败的原因：None != '524726977'
2017-11-29 14:36:10,132 - logger.py - INFO: 登录用例
2017-11-29 14:36:11,308 - logger.py - INFO: 输入用户名
2017-11-29 14:36:11,408 - logger.py - INFO: 输入密码
2017-11-29 14:36:11,815 - logger.py - INFO: 点击登录
2017-11-29 14:36:13,868 - logger.py - INFO: 用例：test_login---NO.:1 ,断言失败的原因：None != '98556'
2017-11-29 14:36:24,999 - logger.py - INFO: 登录用例
2017-11-29 14:36:26,220 - logger.py - INFO: 输入用户名
2017-11-29 14:36:26,342 - logger.py - INFO: 输入密码
2017-11-29 14:36:26,743 - logger.py - INFO: 点击登录
2017-11-29 14:36:28,051 - logger.py - INFO: 用例：test_login---NO.:2 ,断言失败的原因：None != '563482731'
2017-11-29 14:36:38,746 - logger.py - INFO: 登录用例
2017-11-29 14:36:39,811 - logger.py - INFO: 输入用户名
2017-11-29 14:36:39,928 - logger.py - INFO: 输入密码
2017-11-29 14:36:40,338 - logger.py - INFO: 点击登录
2017-11-29 14:36:41,792 - logger.py - INFO: 用例：test_login---NO.:3 ,断言失败的原因：None != '524726976'
2017-11-29 14:36:52,446 - logger.py - INFO: 登录用例
2017-11-29 14:36:53,644 - logger.py - INFO: 输入用户名
2017-11-29 14:36:53,766 - logger.py - INFO: 输入密码
2017-11-29 14:36:54,190 - logger.py - INFO: 点击登录
2017-11-29 14:36:54,470 - logger.py - INFO: 用例：test_login---NO.:4 ,断言失败的原因：None != '524726977'
2017-11-29 14:38:10,828 - logger.py - INFO: 登录用例
2017-11-29 14:38:11,963 - logger.py - INFO: 输入用户名
2017-11-29 14:38:12,062 - logger.py - INFO: 输入密码
2017-11-29 14:38:12,460 - logger.py - INFO: 点击登录
2017-11-29 14:38:14,510 - logger.py - INFO: 用例：test_login---NO.:1 ,断言失败的原因：None != '98556'
2017-11-29 14:39:45,151 - logger.py - INFO: 登录用例
2017-11-29 14:39:57,381 - logger.py - INFO: 登录用例
2017-11-29 14:39:58,484 - logger.py - INFO: 输入用户名
2017-11-29 14:39:58,595 - logger.py - INFO: 输入密码
2017-11-29 14:39:59,003 - logger.py - INFO: 点击登录
2017-11-29 14:40:00,372 - logger.py - INFO: 用例：test_login---NO.:1 ,断言失败的原因：None != '98556'
2017-11-29 14:41:19,015 - logger.py - INFO: 登录用例
2017-11-29 14:41:20,089 - logger.py - INFO: 输入用户名
2017-11-29 14:41:20,200 - logger.py - INFO: 输入密码
2017-11-29 14:41:20,292 - logger.py - INFO: 点击登录
2017-11-29 14:41:21,977 - logger.py - INFO: 用例：test_login---NO.:1 ,断言失败的原因：None != '98556'
2017-11-29 14:42:36,743 - logger.py - INFO: 登录用例
2017-11-29 14:42:37,891 - logger.py - INFO: 输入用户名
2017-11-29 14:42:38,009 - logger.py - INFO: 输入密码
2017-11-29 14:42:38,405 - logger.py - INFO: 点击登录
2017-11-29 14:42:39,760 - logger.py - INFO: 用例：test_login---NO.:1 ,断言失败的原因：None != '98556'
2017-11-29 14:43:36,196 - logger.py - INFO: 登录用例
2017-11-29 14:43:37,371 - logger.py - INFO: 输入用户名
2017-11-29 14:43:37,471 - logger.py - INFO: 输入密码
2017-11-29 14:43:37,572 - logger.py - INFO: 点击登录
2017-11-29 14:43:39,209 - logger.py - INFO: 用例：test_login---NO.:1 ,断言失败的原因：None != '98556'
2017-11-29 14:45:37,776 - logger.py - INFO: 登录用例
2017-11-29 14:45:38,882 - logger.py - INFO: 输入用户名
2017-11-29 14:45:39,033 - logger.py - INFO: 输入密码
2017-11-29 14:45:39,496 - logger.py - INFO: 点击登录
2017-11-29 14:45:41,707 - logger.py - INFO: 用例：test_login---NO.:1 ,断言失败的原因：None != '98556'
2017-11-29 14:49:18,497 - logger.py - INFO: 登录用例
2017-11-29 14:49:19,585 - logger.py - INFO: 输入用户名
2017-11-29 14:49:19,740 - logger.py - INFO: 输入密码
2017-11-29 14:49:20,191 - logger.py - INFO: 点击登录
2017-11-29 14:49:21,535 - logger.py - INFO: 用例：test_login---NO.:1 ,断言失败的原因：None != '98556'
2017-11-29 14:50:49,273 - logger.py - INFO: 登录用例
2017-11-29 14:50:50,421 - logger.py - INFO: 输入用户名
2017-11-29 14:50:50,528 - logger.py - INFO: 输入密码
2017-11-29 14:50:50,631 - logger.py - INFO: 点击登录
2017-11-29 14:50:52,313 - logger.py - INFO: 用例：test_login---NO.:1 ,断言失败的原因：None != '98556'
2017-11-29 14:52:23,645 - logger.py - INFO: 登录用例
2017-11-29 14:52:24,862 - logger.py - INFO: 输入用户名
2017-11-29 14:52:24,980 - logger.py - INFO: 输入密码
2017-11-29 14:52:25,387 - logger.py - INFO: 点击登录
2017-11-29 14:52:30,437 - logger.py - INFO: 用例：test_login---NO.:1 ,断言失败的原因：None != '98556'
2017-11-29 14:53:45,790 - logger.py - INFO: 登录用例
2017-11-29 14:53:46,877 - logger.py - INFO: 输入用户名
2017-11-29 14:53:46,993 - logger.py - INFO: 输入密码
2017-11-29 14:53:47,401 - logger.py - INFO: 点击登录
2017-11-29 14:53:51,645 - logger.py - INFO: 用例：test_login---NO.:1 ,断言失败的原因：None != '98556'
2017-11-29 14:55:03,375 - logger.py - INFO: 登录用例
2017-11-29 14:55:04,517 - logger.py - INFO: 输入用户名
2017-11-29 14:55:04,615 - logger.py - INFO: 输入密码
2017-11-29 14:55:04,717 - logger.py - INFO: 点击登录
2017-11-29 14:55:09,388 - logger.py - INFO: 用例：test_login---NO.:1 ，断言通过
2017-11-29 14:56:25,240 - logger.py - INFO: 登录用例
2017-11-29 14:56:26,401 - logger.py - INFO: 输入用户名
2017-11-29 14:56:26,500 - logger.py - INFO: 输入密码
2017-11-29 14:56:26,904 - logger.py - INFO: 点击登录
2017-11-29 14:56:31,408 - logger.py - INFO: 用例：test_login---NO.:1 ,断言失败的原因：None != '98556'
2017-11-29 14:58:06,571 - logger.py - INFO: 登录用例
2017-11-29 14:58:07,726 - logger.py - INFO: 输入用户名
2017-11-29 14:58:07,829 - logger.py - INFO: 输入密码
2017-11-29 14:58:07,926 - logger.py - INFO: 点击登录
2017-11-29 14:58:12,724 - logger.py - INFO: 用例：test_login---NO.:1 ，断言通过
2017-11-29 14:59:32,154 - logger.py - INFO: 登录用例
2017-11-29 14:59:33,273 - logger.py - INFO: 输入用户名
2017-11-29 14:59:33,380 - logger.py - INFO: 输入密码
2017-11-29 14:59:33,483 - logger.py - INFO: 点击登录
2017-11-29 14:59:38,204 - logger.py - INFO: 用例：test_login---NO.:1 ,断言失败的原因：None != '98556'
2017-11-29 15:01:55,987 - logger.py - INFO: 登录用例
2017-11-29 15:01:57,413 - logger.py - INFO: 输入用户名
2017-11-29 15:01:57,517 - logger.py - INFO: 输入密码
2017-11-29 15:01:57,611 - logger.py - INFO: 点击登录
2017-11-29 15:02:02,200 - logger.py - INFO: 用例：test_login---NO.:1 ,断言失败的原因：None != '98556'
2017-11-29 15:04:19,250 - logger.py - INFO: 登录用例
2017-11-29 15:04:20,398 - logger.py - INFO: 输入用户名
2017-11-29 15:04:20,499 - logger.py - INFO: 输入密码
2017-11-29 15:04:20,911 - logger.py - INFO: 点击登录
2017-11-29 15:04:25,249 - logger.py - INFO: 用例：test_login---NO.:1 ,断言失败的原因：None != '98556'
2017-11-29 15:05:50,084 - logger.py - INFO: 登录用例
2017-11-29 15:05:51,184 - logger.py - INFO: 输入用户名
2017-11-29 15:05:51,282 - logger.py - INFO: 输入密码
2017-11-29 15:05:51,381 - logger.py - INFO: 点击登录
2017-11-29 15:05:56,841 - logger.py - INFO: 用例：test_login---NO.:1 ,断言失败的原因：None != '98556'
2017-11-29 15:10:38,569 - logger.py - INFO: 登录用例
2017-11-29 15:10:39,759 - logger.py - INFO: 输入用户名
2017-11-29 15:10:39,859 - logger.py - INFO: 输入密码
2017-11-29 15:10:40,273 - logger.py - INFO: 点击登录
2017-11-29 15:10:44,747 - logger.py - INFO: 用例：test_login---NO.:1 ,断言失败的原因：None != '98556'
2017-11-29 15:11:14,108 - logger.py - INFO: 登录用例
2017-11-29 15:11:15,292 - logger.py - INFO: 输入用户名
2017-11-29 15:11:15,391 - logger.py - INFO: 输入密码
2017-11-29 15:11:15,789 - logger.py - INFO: 点击登录
2017-11-29 15:11:20,398 - logger.py - INFO: 用例：test_login---NO.:1 ,断言失败的原因：None != '98556'
2017-11-29 15:14:39,036 - logger.py - INFO: 登录用例
2017-11-29 15:14:40,151 - logger.py - INFO: 输入用户名
2017-11-29 15:14:40,253 - logger.py - INFO: 输入密码
2017-11-29 15:14:40,653 - logger.py - INFO: 点击登录
2017-11-29 15:14:44,980 - logger.py - INFO: 用例：test_login---NO.:1 ,断言失败的原因：global name 'login_success_loc' is not defined
2017-11-29 15:17:23,578 - logger.py - INFO: 登录用例
2017-11-29 15:17:24,664 - logger.py - INFO: 输入用户名
2017-11-29 15:17:24,769 - logger.py - INFO: 输入密码
2017-11-29 15:17:25,164 - logger.py - INFO: 点击登录
2017-11-29 15:17:29,530 - logger.py - INFO: 用例：test_login---NO.:1 ,断言失败的原因：None != '98556'
2017-11-29 15:19:01,117 - logger.py - INFO: 登录用例
2017-11-29 15:19:02,134 - logger.py - INFO: 输入用户名
2017-11-29 15:19:02,244 - logger.py - INFO: 输入密码
2017-11-29 15:19:02,345 - logger.py - INFO: 点击登录
2017-11-29 15:19:07,072 - logger.py - INFO: 用例：test_login---NO.:1 ，断言通过
2017-11-29 15:58:36,239 - logger.py - INFO: 登录用例
2017-11-29 15:58:37,474 - logger.py - INFO: 输入用户名
2017-11-29 16:01:48,828 - logger.py - INFO: 登录用例
2017-11-29 16:01:50,125 - logger.py - INFO: 输入用户名
2017-11-29 16:03:09,812 - logger.py - INFO: 登录用例
2017-11-29 16:03:11,058 - logger.py - INFO: 输入用户名
2017-11-29 16:03:11,157 - logger.py - INFO: 输入密码
2017-11-29 16:03:11,253 - logger.py - INFO: 点击登录
2017-11-29 16:03:15,713 - logger.py - INFO: 用例：test_login---NO.:1 ,断言失败的原因：Message: no such element: Unable to locate element: {"method":"css selector","selector":"table.formtable>tbody>tr:nth-child(1)>td[style='text-align:left1']"}
  (Session info: chrome=60.0.3112.113)
  (Driver info: chromedriver=2.28.455520 (cc17746adff54984afff480136733114c6b3704b),platform=Windows NT 6.1.7601 SP1 x86_64)

2017-11-29 16:12:46,016 - logger.py - INFO: 登录用例
2017-11-29 16:12:47,204 - logger.py - INFO: 输入用户名
2017-11-29 16:12:47,365 - logger.py - INFO: 输入密码
2017-11-29 16:12:47,506 - logger.py - INFO: 点击登录
2017-11-29 16:12:51,862 - logger.py - INFO: 用例：test_login---NO.:1 ,断言失败的原因：Message: no such element: Unable to locate element: {"method":"css selector","selector":"table.formtable>tbody>tr:nth-child(1)>td[style='text-align:left1']"}
  (Session info: chrome=60.0.3112.113)
  (Driver info: chromedriver=2.28.455520 (cc17746adff54984afff480136733114c6b3704b),platform=Windows NT 6.1.7601 SP1 x86_64)

2017-11-29 16:13:13,862 - logger.py - INFO: 登录用例
2017-11-29 16:13:15,049 - logger.py - INFO: 输入用户名
2017-11-29 16:13:15,200 - logger.py - INFO: 输入密码
2017-11-29 16:13:15,345 - logger.py - INFO: 点击登录
2017-11-29 16:13:20,022 - logger.py - INFO: 用例：test_login---NO.:1 ,断言失败的原因：None != '98556'
2017-11-29 16:18:20,967 - logger.py - INFO: 登录用例
2017-11-29 16:18:22,118 - logger.py - INFO: 输入用户名
2017-11-29 16:18:22,273 - logger.py - INFO: 输入密码
2017-11-29 16:18:22,739 - logger.py - INFO: 点击登录
2017-11-29 16:18:27,210 - logger.py - INFO: 用例：test_login---NO.:1 ，断言通过
2017-11-29 16:20:26,443 - logger.py - INFO: 登录用例
2017-11-29 16:20:27,693 - logger.py - INFO: 输入用户名
2017-11-29 16:20:27,859 - logger.py - INFO: 输入密码
2017-11-29 16:20:28,318 - logger.py - INFO: 点击登录
2017-11-29 16:27:34,012 - logger.py - INFO: 登录用例
2017-11-29 16:27:35,114 - logger.py - INFO: 输入用户名
2017-11-29 16:27:35,269 - logger.py - INFO: 输入密码
2017-11-29 16:27:35,743 - logger.py - INFO: 点击登录
2017-11-29 16:28:28,486 - logger.py - INFO: 登录用例
2017-11-29 16:28:29,881 - logger.py - INFO: 输入用户名
2017-11-29 16:28:30,028 - logger.py - INFO: 输入密码
2017-11-29 16:28:30,167 - logger.py - INFO: 点击登录
2017-11-29 16:29:04,272 - logger.py - INFO: 登录用例
2017-11-29 16:29:05,443 - logger.py - INFO: 输入用户名
2017-11-29 16:29:05,592 - logger.py - INFO: 输入密码
2017-11-29 16:29:06,059 - logger.py - INFO: 点击登录
2017-11-29 16:29:10,604 - logger.py - INFO: 用例：test_login---NO.:1
2017-11-29 16:30:29,914 - logger.py - INFO: 登录用例
2017-11-29 16:30:31,109 - logger.py - INFO: 输入用户名
2017-11-29 16:30:31,259 - logger.py - INFO: 输入密码
2017-11-29 16:30:31,720 - logger.py - INFO: 点击登录
2017-11-29 16:30:36,135 - logger.py - INFO: 用例：test_login---NO.:1
2017-11-29 16:31:03,907 - logger.py - INFO: 登录用例
2017-11-29 16:31:05,062 - logger.py - INFO: 输入用户名
2017-11-29 16:31:05,546 - logger.py - INFO: 输入密码
2017-11-29 16:31:05,687 - logger.py - INFO: 点击登录
2017-11-29 16:32:09,346 - logger.py - INFO: --------------------------- START ---------------------------
2017-11-29 16:32:17,069 - logger.py - INFO: 登录用例
2017-11-29 16:32:18,140 - logger.py - INFO: 输入用户名
2017-11-29 16:32:18,292 - logger.py - INFO: 输入密码
2017-11-29 16:32:18,766 - logger.py - INFO: 点击登录
2017-11-29 16:32:26,440 - logger.py - INFO: --------------------------- END ---------------------------
2017-11-29 16:32:58,585 - logger.py - INFO: --------------------------- START ---------------------------
2017-11-29 16:33:05,836 - logger.py - INFO: 登录用例
2017-11-29 16:33:06,950 - logger.py - INFO: 输入用户名
2017-11-29 16:33:07,111 - logger.py - INFO: 输入密码
2017-11-29 16:33:07,576 - logger.py - INFO: 点击登录
2017-11-29 16:34:36,447 - logger.py - INFO: --------------------------- START ---------------------------
2017-11-29 16:34:43,862 - logger.py - INFO: 登录用例
2017-11-29 16:34:45,019 - logger.py - INFO: 输入用户名
2017-11-29 16:34:45,492 - logger.py - INFO: 输入密码
2017-11-29 16:34:45,628 - logger.py - INFO: 点击登录
2017-11-29 16:34:54,345 - logger.py - INFO: --------------------------- END ---------------------------
2017-11-29 16:36:27,832 - logger.py - INFO: 登录用例
2017-11-29 16:36:29,025 - logger.py - INFO: 输入用户名
2017-11-29 16:36:29,173 - logger.py - INFO: 输入密码
2017-11-29 16:36:29,315 - logger.py - INFO: 点击登录
2017-11-29 16:37:03,263 - logger.py - INFO: 登录用例
2017-11-29 16:37:04,397 - logger.py - INFO: 输入用户名
2017-11-29 16:37:04,553 - logger.py - INFO: 输入密码
2017-11-29 16:37:05,032 - logger.py - INFO: 点击登录
2017-11-29 16:37:40,576 - logger.py - INFO: 登录用例
2017-11-29 16:37:41,918 - logger.py - INFO: 输入用户名
2017-11-29 16:37:42,069 - logger.py - INFO: 输入密码
2017-11-29 16:37:42,221 - logger.py - INFO: 点击登录
2017-11-29 16:40:19,483 - logger.py - INFO: 登录用例
2017-11-29 16:40:20,638 - logger.py - INFO: 输入用户名
2017-11-29 16:40:20,789 - logger.py - INFO: 输入密码
2017-11-29 16:40:21,255 - logger.py - INFO: 点击登录
2017-11-29 16:40:36,006 - logger.py - INFO: 登录用例
2017-11-29 16:40:37,045 - logger.py - INFO: 输入用户名
2017-11-29 16:40:37,210 - logger.py - INFO: 输入密码
2017-11-29 16:40:37,710 - logger.py - INFO: 点击登录
2017-11-29 16:40:53,538 - logger.py - INFO: 登录用例
2017-11-29 16:40:54,802 - logger.py - INFO: 输入用户名
2017-11-29 16:40:54,961 - logger.py - INFO: 输入密码
2017-11-29 16:40:55,105 - logger.py - INFO: 点击登录
2017-11-29 16:41:11,257 - logger.py - INFO: 登录用例
2017-11-29 16:41:12,595 - logger.py - INFO: 输入用户名
2017-11-29 16:41:12,766 - logger.py - INFO: 输入密码
2017-11-29 16:41:12,910 - logger.py - INFO: 点击登录
2017-11-29 16:41:55,210 - logger.py - INFO: 登录用例
2017-11-29 16:41:56,408 - logger.py - INFO: 输入用户名
2017-11-29 16:41:56,562 - logger.py - INFO: 输入密码
2017-11-29 16:41:57,013 - logger.py - INFO: 点击登录
2017-11-29 16:42:01,569 - logger.py - INFO: 用例：test_login---NO.:1 ，断言通过
2017-11-29 16:42:11,789 - logger.py - INFO: 登录用例
2017-11-29 16:42:12,890 - logger.py - INFO: 输入用户名
2017-11-29 16:42:13,375 - logger.py - INFO: 输入密码
2017-11-29 16:42:13,516 - logger.py - INFO: 点击登录
2017-11-29 16:42:17,992 - logger.py - INFO: 用例：test_login---NO.:2 ，断言通过
2017-11-29 16:42:28,398 - logger.py - INFO: 登录用例
2017-11-29 16:42:29,473 - logger.py - INFO: 输入用户名
2017-11-29 16:42:29,644 - logger.py - INFO: 输入密码
2017-11-29 16:42:30,108 - logger.py - INFO: 点击登录
2017-11-29 16:42:34,703 - logger.py - INFO: 用例：test_login---NO.:3 ,断言失败的原因：u'524726977' != '524726976'
2017-11-29 16:42:45,846 - logger.py - INFO: 登录用例
2017-11-29 16:42:46,993 - logger.py - INFO: 输入用户名
2017-11-29 16:42:47,160 - logger.py - INFO: 输入密码
2017-11-29 16:42:47,625 - logger.py - INFO: 点击登录
2017-11-29 16:42:50,920 - logger.py - INFO: 用例：test_login---NO.:4 ,断言失败的原因：u'\u5bc6\u7801\u4e0d\u6b63\u786e' != '524726977'
2017-11-29 16:43:23,111 - logger.py - INFO: --------------------登录用例-------------------------------------------
2017-11-29 16:43:24,256 - logger.py - INFO: 输入用户名
2017-11-29 16:43:24,415 - logger.py - INFO: 输入密码
2017-11-29 16:43:24,895 - logger.py - INFO: 点击登录
2017-11-29 16:43:29,489 - logger.py - INFO: 用例：test_login---NO.:1 ，断言通过
2017-11-29 16:43:39,828 - logger.py - INFO: --------------------登录用例-------------------------------------------
2017-11-29 16:43:40,897 - logger.py - INFO: 输入用户名
2017-11-29 16:43:41,063 - logger.py - INFO: 输入密码
2017-11-29 16:43:41,536 - logger.py - INFO: 点击登录
2017-11-29 16:43:46,848 - logger.py - INFO: 用例：test_login---NO.:2 ，断言通过
2017-11-29 16:43:57,071 - logger.py - INFO: --------------------登录用例-------------------------------------------
2017-11-29 16:43:58,170 - logger.py - INFO: 输入用户名
2017-11-29 16:43:58,332 - logger.py - INFO: 输入密码
2017-11-29 16:43:58,484 - logger.py - INFO: 点击登录
2017-11-29 16:44:03,678 - logger.py - INFO: 用例：test_login---NO.:3 ,断言失败的原因：u'524726977' != '524726976'
2017-11-29 16:44:14,865 - logger.py - INFO: --------------------登录用例-------------------------------------------
2017-11-29 16:44:15,971 - logger.py - INFO: 输入用户名
2017-11-29 16:44:16,135 - logger.py - INFO: 输入密码
2017-11-29 16:44:16,288 - logger.py - INFO: 点击登录
2017-11-29 16:44:19,920 - logger.py - INFO: 用例：test_login---NO.:4 ,断言失败的原因：u'\u5bc6\u7801\u4e0d\u6b63\u786e' != '524726977'
2017-11-29 17:41:56,966 - logger.py - INFO: --------------------登录用例-------------------------------------------
2017-11-29 17:41:58,128 - logger.py - INFO: 输入用户名
2017-11-29 17:41:58,292 - logger.py - INFO: 输入密码
2017-11-29 17:41:58,795 - logger.py - INFO: 点击登录
2017-11-29 17:42:03,227 - logger.py - INFO: 用例：test_login---NO.:1 ,断言失败的原因：'LoginTest' object has no attribute 'asserTrue'
2017-11-29 17:42:13,838 - logger.py - INFO: --------------------登录用例-------------------------------------------
2017-11-29 17:42:14,969 - logger.py - INFO: 输入用户名
2017-11-29 17:42:15,138 - logger.py - INFO: 输入密码
2017-11-29 17:42:15,607 - logger.py - INFO: 点击登录
2017-11-29 17:42:20,130 - logger.py - INFO: 用例：test_login---NO.:2 ,断言失败的原因：'LoginTest' object has no attribute 'asserTrue'
2017-11-29 17:42:31,273 - logger.py - INFO: --------------------登录用例-------------------------------------------
2017-11-29 17:42:32,423 - logger.py - INFO: 输入用户名
2017-11-29 17:42:32,980 - logger.py - INFO: 输入密码
2017-11-29 17:42:33,161 - logger.py - INFO: 点击登录
2017-11-29 17:42:37,795 - logger.py - INFO: 用例：test_login---NO.:3 ,断言失败的原因：'LoginTest' object has no attribute 'asserTrue'
2017-11-29 17:42:52,086 - logger.py - INFO: --------------------登录用例-------------------------------------------
2017-11-29 17:42:53,302 - logger.py - INFO: 输入用户名
2017-11-29 17:42:53,482 - logger.py - INFO: 输入密码
2017-11-29 17:42:53,953 - logger.py - INFO: 点击登录
2017-11-29 17:42:57,256 - logger.py - INFO: 用例：test_login---NO.:4 ,断言失败的原因：'LoginTest' object has no attribute 'asserTrue'
2017-11-29 17:43:17,937 - logger.py - INFO: --------------------登录用例-------------------------------------------
2017-11-29 17:43:18,969 - logger.py - INFO: 输入用户名
2017-11-29 17:43:19,448 - logger.py - INFO: 输入密码
2017-11-29 17:43:19,592 - logger.py - INFO: 点击登录
2017-11-29 17:43:25,617 - logger.py - INFO: 用例：test_login---NO.:1 ，断言通过
2017-11-29 17:43:36,352 - logger.py - INFO: --------------------登录用例-------------------------------------------
2017-11-29 17:43:37,558 - logger.py - INFO: 输入用户名
2017-11-29 17:43:37,730 - logger.py - INFO: 输入密码
2017-11-29 17:43:38,207 - logger.py - INFO: 点击登录
2017-11-29 17:43:42,739 - logger.py - INFO: 用例：test_login---NO.:2 ，断言通过
2017-11-29 17:43:52,946 - logger.py - INFO: --------------------登录用例-------------------------------------------
2017-11-29 17:43:54,260 - logger.py - INFO: 输入用户名
2017-11-29 17:43:54,431 - logger.py - INFO: 输入密码
2017-11-29 17:43:54,901 - logger.py - INFO: 点击登录
2017-11-29 17:43:59,543 - logger.py - INFO: 用例：test_login---NO.:3 ,断言失败的原因：u'524726977' != '524726976'
2017-11-29 17:44:10,279 - logger.py - INFO: --------------------登录用例-------------------------------------------
2017-11-29 17:44:11,500 - logger.py - INFO: 输入用户名
2017-11-29 17:44:11,665 - logger.py - INFO: 输入密码
2017-11-29 17:44:12,134 - logger.py - INFO: 点击登录
2017-11-29 17:44:15,444 - logger.py - INFO: 用例：test_login---NO.:4 ,断言失败的原因：u'\u5bc6\u7801\u4e0d\u6b63\u786e' != '524726977'
2017-11-29 17:46:31,519 - logger.py - INFO: --------------------登录用例-------------------------------------------
2017-11-29 17:46:32,698 - logger.py - INFO: 输入用户名
2017-11-29 17:46:32,857 - logger.py - INFO: 输入密码
2017-11-29 17:46:33,331 - logger.py - INFO: 点击登录
2017-11-29 17:46:38,625 - logger.py - INFO: 用例：test_login---NO.:1 ，断言通过
2017-11-29 17:46:48,900 - logger.py - INFO: --------------------登录用例-------------------------------------------
2017-11-29 17:46:50,043 - logger.py - INFO: 输入用户名
2017-11-29 17:46:50,220 - logger.py - INFO: 输入密码
2017-11-29 17:46:50,687 - logger.py - INFO: 点击登录
2017-11-29 17:46:55,109 - logger.py - INFO: 用例：test_login---NO.:2 ，断言通过
2017-11-29 17:47:05,448 - logger.py - INFO: --------------------登录用例-------------------------------------------
2017-11-29 17:47:06,632 - logger.py - INFO: 输入用户名
2017-11-29 17:47:06,809 - logger.py - INFO: 输入密码
2017-11-29 17:47:07,288 - logger.py - INFO: 点击登录
2017-11-29 17:47:11,855 - logger.py - INFO: 用例：test_login---NO.:3 ,断言失败的原因：u'524726977' != '524726976'
2017-11-29 17:47:22,454 - logger.py - INFO: --------------------登录用例-------------------------------------------
2017-11-29 17:47:23,671 - logger.py - INFO: 输入用户名
2017-11-29 17:47:23,846 - logger.py - INFO: 输入密码
2017-11-29 17:47:24,332 - logger.py - INFO: 点击登录
2017-11-29 17:47:27,638 - logger.py - INFO: 用例：test_login---NO.:4 ,断言失败的原因：u'\u5bc6\u7801\u4e0d\u6b63\u786e' != '524726977'
2017-11-29 17:49:09,479 - logger.py - INFO: --------------------登录用例-------------------------------------------
2017-11-29 17:49:10,598 - logger.py - INFO: 输入用户名
2017-11-29 17:49:10,760 - logger.py - INFO: 输入密码
2017-11-29 17:49:11,224 - logger.py - INFO: 点击登录
2017-11-29 17:49:15,776 - logger.py - INFO: 用例：test_login---NO.:1 ，断言通过
2017-11-29 17:49:26,595 - logger.py - INFO: --------------------登录用例-------------------------------------------
2017-11-29 17:49:27,697 - logger.py - INFO: 输入用户名
2017-11-29 17:49:27,875 - logger.py - INFO: 输入密码
2017-11-29 17:49:28,361 - logger.py - INFO: 点击登录
2017-11-29 17:49:32,911 - logger.py - INFO: 用例：test_login---NO.:2 ，断言通过
2017-11-29 17:49:43,657 - logger.py - INFO: --------------------登录用例-------------------------------------------
2017-11-29 17:49:44,721 - logger.py - INFO: 输入用户名
2017-11-29 17:49:44,904 - logger.py - INFO: 输入密码
2017-11-29 17:49:45,375 - logger.py - INFO: 点击登录
2017-11-29 17:49:49,915 - logger.py - INFO: 用例：test_login---NO.:3 ,断言失败的原因：u'524726977' != '524726976'
2017-11-29 17:50:00,648 - logger.py - INFO: --------------------登录用例-------------------------------------------
2017-11-29 17:50:01,790 - logger.py - INFO: 输入用户名
2017-11-29 17:50:01,957 - logger.py - INFO: 输入密码
2017-11-29 17:50:02,427 - logger.py - INFO: 点击登录
2017-11-29 17:50:05,719 - logger.py - INFO: 用例：test_login---NO.:4 ,断言失败的原因：u'\u5bc6\u7801\u4e0d\u6b63\u786e' != '524726977'
2017-11-29 17:50:40,282 - logger.py - INFO: --------------------登录用例-------------------------------------------
2017-11-29 17:50:41,588 - logger.py - INFO: 输入用户名
2017-11-29 17:50:42,076 - logger.py - INFO: 输入密码
2017-11-29 17:50:42,216 - logger.py - INFO: 点击登录
2017-11-29 17:50:45,503 - logger.py - INFO: 用例：test_login---NO.:4 ,断言失败的原因：u'\u5bc6\u7801\u4e0d\u6b63\u786e' != '\xe7\x99\xbb\xe5\xbd\x95'
2017-11-29 17:51:26,111 - logger.py - INFO: --------------------登录用例-------------------------------------------
2017-11-29 17:51:27,229 - logger.py - INFO: 输入用户名
2017-11-29 17:51:27,740 - logger.py - INFO: 输入密码
2017-11-29 17:51:27,884 - logger.py - INFO: 点击登录
2017-11-29 17:51:31,184 - logger.py - INFO: 用例：test_login---NO.:4 ,断言失败的原因：u'\u5bc6\u7801\u4e0d\u6b63\u786e' != '\xe7\x99\xbb\xe5\xbd\x95'
2017-11-29 17:54:26,594 - logger.py - INFO: --------------------登录用例-------------------------------------------
2017-11-29 17:54:27,828 - logger.py - INFO: 输入用户名
2017-11-29 17:54:28,335 - logger.py - INFO: 输入密码
2017-11-29 17:54:28,479 - logger.py - INFO: 点击登录
2017-11-29 17:54:31,773 - logger.py - INFO: 用例：test_login---NO.:4 ,断言失败的原因：u'\u5bc6\u7801\u4e0d\u6b63\u786e' != '\xe7\x99\xbb\xe5\xbd\x95'
2017-11-29 17:55:48,904 - logger.py - INFO: --------------------登录用例-------------------------------------------
2017-11-29 17:55:50,000 - logger.py - INFO: 输入用户名
2017-11-29 17:55:50,177 - logger.py - INFO: 输入密码
2017-11-29 17:55:50,641 - logger.py - INFO: 点击登录
2017-11-29 17:55:53,971 - logger.py - INFO: 用例：test_login---NO.:4 ,断言失败的原因：u'\u5bc6\u7801\u4e0d\u6b63\u786e' != '\xe7\x99\xbb\xe5\xbd\x95'
2017-11-29 17:56:58,934 - logger.py - INFO: --------------------登录用例-------------------------------------------
2017-11-29 17:57:00,058 - logger.py - INFO: 输入用户名
2017-11-29 17:57:00,237 - logger.py - INFO: 输入密码
2017-11-29 17:57:00,707 - logger.py - INFO: 点击登录
2017-11-29 17:57:03,989 - logger.py - INFO: 用例：test_login---NO.:4 ,断言失败的原因：u'\u5bc6\u7801\u4e0d\u6b63\u786e' != '\xe7\x99\xbb\xe5\xbd\x95'
2017-11-29 17:59:04,443 - logger.py - INFO: --------------------登录用例-------------------------------------------
2017-11-29 17:59:05,517 - logger.py - INFO: 输入用户名
2017-11-29 17:59:05,691 - logger.py - INFO: 输入密码
2017-11-29 17:59:06,160 - logger.py - INFO: 点击登录
2017-11-29 17:59:09,463 - logger.py - INFO: 用例：test_login---NO.:4 ,断言失败的原因：u'\u5bc6\u7801\u4e0d\u6b63\u786e' != '\xb5\xc7\xc2\xbc'
2017-11-29 18:02:02,443 - logger.py - INFO: --------------------登录用例-------------------------------------------
2017-11-29 18:02:03,572 - logger.py - INFO: 输入用户名
2017-11-29 18:02:03,767 - logger.py - INFO: 输入密码
2017-11-29 18:02:04,230 - logger.py - INFO: 点击登录
2017-11-29 18:02:07,532 - logger.py - INFO: 用例：test_login---NO.:4 ,断言失败的原因：u'\u5bc6\u7801\u4e0d\u6b63\u786e' != '\xe7\x99\xbb\xe5\xbd\x95'
2017-11-29 18:03:43,657 - logger.py - INFO: --------------------登录用例-------------------------------------------
2017-11-29 18:03:44,788 - logger.py - INFO: 输入用户名
2017-11-29 18:03:44,963 - logger.py - INFO: 输入密码
2017-11-29 18:03:45,436 - logger.py - INFO: 点击登录
2017-11-29 18:03:48,733 - logger.py - INFO: 用例：test_login---NO.:4 ,断言失败的原因：u'\u5bc6\u7801\u4e0d\u6b63\u786e' != '\xe7\x99\xbb\xe5\xbd\x95'
2017-11-29 18:04:23,243 - logger.py - INFO: --------------------登录用例-------------------------------------------
2017-11-29 18:04:24,665 - logger.py - INFO: 输入用户名
2017-11-29 18:04:25,207 - logger.py - INFO: 输入密码
2017-11-29 18:04:25,361 - logger.py - INFO: 点击登录
2017-11-29 18:04:28,668 - logger.py - INFO: 用例：test_login---NO.:4 ,断言失败的原因：u'\u5bc6\u7801\u4e0d\u6b63\u786e' != '\xe7\x99\xbb\xe5\xbd\x95'
2017-11-29 18:05:56,788 - logger.py - INFO: --------------------登录用例-------------------------------------------
2017-11-29 18:05:57,921 - logger.py - INFO: 输入用户名
2017-11-29 18:05:58,433 - logger.py - INFO: 输入密码
2017-11-29 18:05:58,588 - logger.py - INFO: 点击登录
2017-11-29 18:06:01,882 - logger.py - INFO: 用例：test_login---NO.:4 ，断言通过
2017-11-29 18:07:11,943 - logger.py - INFO: --------------------登录用例-------------------------------------------
2017-11-29 18:07:13,147 - logger.py - INFO: 输入用户名
2017-11-29 18:07:13,651 - logger.py - INFO: 输入密码
2017-11-29 18:07:13,796 - logger.py - INFO: 点击登录
2017-11-29 18:07:17,114 - logger.py - INFO: 用例：test_login---NO.:4 ，断言通过
2017-11-29 18:08:44,674 - logger.py - INFO: --------------------登录用例-------------------------------------------
2017-11-29 18:08:45,865 - logger.py - INFO: 输入用户名
2017-11-29 18:08:46,035 - logger.py - INFO: 输入密码
2017-11-29 18:08:46,499 - logger.py - INFO: 点击登录
2017-11-29 18:08:49,805 - logger.py - INFO: 用例：test_login---NO.:4 ，断言通过
2017-11-29 18:09:11,073 - logger.py - INFO: --------------------登录用例-------------------------------------------
2017-11-29 18:09:12,180 - logger.py - INFO: 输入用户名
2017-11-29 18:09:12,684 - logger.py - INFO: 输入密码
2017-11-29 18:09:12,838 - logger.py - INFO: 点击登录
2017-11-29 18:09:16,141 - logger.py - INFO: 用例：test_login---NO.:4 ，断言通过
2017-11-29 18:09:39,191 - logger.py - INFO: --------------------登录用例-------------------------------------------
2017-11-29 18:09:40,430 - logger.py - INFO: 输入用户名
2017-11-29 18:09:40,930 - logger.py - INFO: 输入密码
2017-11-29 18:09:41,081 - logger.py - INFO: 点击登录
2017-11-29 18:10:06,838 - logger.py - INFO: --------------------登录用例-------------------------------------------
2017-11-29 18:10:08,042 - logger.py - INFO: 输入用户名
2017-11-29 18:10:08,211 - logger.py - INFO: 输入密码
2017-11-29 18:10:08,357 - logger.py - INFO: 点击登录
2017-11-29 18:10:11,618 - logger.py - INFO: 用例：test_login---NO.:4 ，断言通过
2017-11-29 18:11:05,627 - logger.py - INFO: --------------------登录用例-------------------------------------------
2017-11-29 18:11:06,898 - logger.py - INFO: 输入用户名
2017-11-29 18:11:07,062 - logger.py - INFO: 输入密码
2017-11-29 18:11:07,582 - logger.py - INFO: 点击登录
2017-11-29 18:11:10,891 - logger.py - INFO: 用例：test_login---NO.:4 ,断言失败的原因：u'\u5bc6\u7801\u4e0d\u6b63\u786e' != '\xe7\x99\xbb\xe5\xbd\x95'
2017-11-29 18:11:31,710 - logger.py - INFO: --------------------登录用例-------------------------------------------
2017-11-29 18:11:32,993 - logger.py - INFO: 输入用户名
2017-11-29 18:11:33,155 - logger.py - INFO: 输入密码
2017-11-29 18:11:33,630 - logger.py - INFO: 点击登录
2017-11-29 18:11:38,859 - logger.py - INFO: 用例：test_login---NO.:1 ，断言通过
2017-11-29 18:11:49,220 - logger.py - INFO: --------------------登录用例-------------------------------------------
2017-11-29 18:11:50,417 - logger.py - INFO: 输入用户名
2017-11-29 18:11:50,930 - logger.py - INFO: 输入密码
2017-11-29 18:11:51,075 - logger.py - INFO: 点击登录
2017-11-29 18:11:55,565 - logger.py - INFO: 用例：test_login---NO.:2 ，断言通过
2017-11-29 18:12:05,957 - logger.py - INFO: --------------------登录用例-------------------------------------------
2017-11-29 18:12:07,101 - logger.py - INFO: 输入用户名
2017-11-29 18:12:07,276 - logger.py - INFO: 输入密码
2017-11-29 18:12:07,753 - logger.py - INFO: 点击登录
2017-11-29 18:12:12,431 - logger.py - INFO: 用例：test_login---NO.:3 ,断言失败的原因：u'524726977' != '524726976'
2017-11-29 18:12:23,592 - logger.py - INFO: --------------------登录用例-------------------------------------------
2017-11-29 18:12:25,006 - logger.py - INFO: 输入用户名
2017-11-29 18:12:25,512 - logger.py - INFO: 输入密码
2017-11-29 18:12:25,660 - logger.py - INFO: 点击登录
2017-11-29 18:12:29,007 - logger.py - INFO: 用例：test_login---NO.:4 ,断言失败的原因：u'\u5bc6\u7801\u4e0d\u6b63\u786e' != '\xe7\x99\xbb\xe5\xbd\x95'
2017-11-29 18:19:00,283 - logger.py - INFO: 输入用户名
2017-11-29 18:19:00,448 - logger.py - INFO: 输入密码
2017-11-29 18:19:00,924 - logger.py - INFO: 点击登录
2017-11-29 18:19:36,075 - logger.py - INFO: --------------------登录用例-------------------------------------------
2017-11-29 18:19:37,157 - logger.py - INFO: 输入用户名
2017-11-29 18:19:37,331 - logger.py - INFO: 输入密码
2017-11-29 18:19:37,809 - logger.py - INFO: 点击登录
2017-11-29 18:19:41,107 - logger.py - INFO: 用例：test_login---NO.:4 ,断言失败的原因：u'\u767b\u5f55' != '\xe7\x99\xbb\xe5\xbd\x95'
2017-11-29 18:20:47,559 - logger.py - INFO: --------------------登录用例-------------------------------------------
2017-11-29 18:20:48,667 - logger.py - INFO: 输入用户名
2017-11-29 18:20:48,834 - logger.py - INFO: 输入密码
2017-11-29 18:20:49,315 - logger.py - INFO: 点击登录
2017-11-29 18:20:52,608 - logger.py - INFO: 用例：test_login---NO.:4 ,断言失败的原因：u'\u767b\u5f55' != '\xe7\x99\xbb\xe5\xbd\x95'
2017-11-29 18:21:57,523 - logger.py - INFO: --------------------登录用例-------------------------------------------
2017-11-29 18:21:58,523 - logger.py - INFO: 输入用户名
2017-11-29 18:21:59,019 - logger.py - INFO: 输入密码
2017-11-29 18:21:59,167 - logger.py - INFO: 点击登录
2017-11-29 18:22:02,461 - logger.py - INFO: 用例：test_login---NO.:4 ,断言失败的原因：u'\u767b\u5f55' != '\xe7\x99\xbb\xe5\xbd\x95'
2017-11-29 18:30:20,062 - logger.py - INFO: --------------------登录用例-------------------------------------------
2017-11-29 18:30:21,269 - logger.py - INFO: 输入用户名
2017-11-29 18:30:21,778 - logger.py - INFO: 输入密码
2017-11-29 18:30:21,924 - logger.py - INFO: 点击登录
2017-11-29 18:30:25,239 - logger.py - INFO: 用例：test_login---NO.:4 ，断言通过
2017-11-29 18:30:59,790 - logger.py - INFO: --------------------登录用例-------------------------------------------
2017-11-29 18:31:00,940 - logger.py - INFO: 输入用户名
2017-11-29 18:31:01,125 - logger.py - INFO: 输入密码
2017-11-29 18:31:01,627 - logger.py - INFO: 点击登录
2017-11-29 18:31:04,947 - logger.py - INFO: 用例：test_login---NO.:4 ,断言失败的原因：'ascii' codec can't decode byte 0xe7 in position 0: ordinal not in range(128)
2017-11-29 18:34:12,625 - logger.py - INFO: --------------------登录用例-------------------------------------------
2017-11-29 18:34:13,776 - logger.py - INFO: 输入用户名
2017-11-29 18:34:13,926 - logger.py - INFO: 输入密码
2017-11-29 18:34:14,075 - logger.py - INFO: 点击登录
2017-11-29 18:34:18,647 - logger.py - INFO: 用例：test_login---NO.:1 ，断言通过
2017-11-29 18:34:28,901 - logger.py - INFO: --------------------登录用例-------------------------------------------
2017-11-29 18:34:30,141 - logger.py - INFO: 输入用户名
2017-11-29 18:34:30,737 - logger.py - INFO: 输入密码
2017-11-29 18:34:30,911 - logger.py - INFO: 点击登录
2017-11-29 18:34:35,453 - logger.py - INFO: 用例：test_login---NO.:2 ，断言通过
2017-11-29 18:34:46,216 - logger.py - INFO: --------------------登录用例-------------------------------------------
2017-11-29 18:34:47,490 - logger.py - INFO: 输入用户名
2017-11-29 18:34:47,997 - logger.py - INFO: 输入密码
2017-11-29 18:34:48,141 - logger.py - INFO: 点击登录
2017-11-29 18:34:53,395 - logger.py - INFO: 用例：test_login---NO.:3 ,断言失败的原因：u'524726977' != '524726976'
2017-11-29 18:35:04,660 - logger.py - INFO: --------------------登录用例-------------------------------------------
2017-11-29 18:35:05,865 - logger.py - INFO: 输入用户名
2017-11-29 18:35:06,375 - logger.py - INFO: 输入密码
2017-11-29 18:35:06,526 - logger.py - INFO: 点击登录
2017-11-29 18:35:09,822 - logger.py - INFO: 用例：test_login---NO.:4 ,断言失败的原因：u'\u767b\u5f55' != '\xe7\x99\xbb\xe5\xbd\x95'
2017-11-29 18:36:13,753 - logger.py - INFO: --------------------登录用例-------------------------------------------
2017-11-29 18:36:14,846 - logger.py - INFO: 输入用户名
2017-11-29 18:36:15,361 - logger.py - INFO: 输入密码
2017-11-29 18:36:15,506 - logger.py - INFO: 点击登录
2017-11-29 18:36:18,813 - logger.py - INFO: 用例：test_login---NO.:4 ,断言失败的原因：u'\u767b\u5f55' != '\xe7\x99\xbb\xe5\xbd\x95'
2017-11-29 18:37:43,454 - logger.py - INFO: --------------------登录用例-------------------------------------------
2017-11-29 18:37:44,506 - logger.py - INFO: 输入用户名
2017-11-29 18:37:45,035 - logger.py - INFO: 输入密码
2017-11-29 18:37:45,178 - logger.py - INFO: 点击登录
2017-11-29 18:37:48,482 - logger.py - INFO: 用例：test_login---NO.:4 ,断言失败的原因：u'\u767b\u5f55' != '\xe7\x99\xbb\xe5\xbd\x95'
2017-11-29 18:38:14,555 - logger.py - INFO: --------------------登录用例-------------------------------------------
2017-11-29 18:38:15,759 - logger.py - INFO: 输入用户名
2017-11-29 18:38:15,928 - logger.py - INFO: 输入密码
2017-11-29 18:38:16,071 - logger.py - INFO: 点击登录
2017-11-29 18:38:19,395 - logger.py - INFO: 用例：test_login---NO.:4 ，断言通过
2017-11-29 18:47:47,822 - logger.py - INFO: --------------------------- START ---------------------------
2017-11-29 18:47:55,226 - logger.py - INFO: --------------------登录用例-------------------------------------------
2017-11-29 18:47:56,822 - logger.py - INFO: 输入用户名
2017-11-29 18:47:56,993 - logger.py - INFO: 输入密码
2017-11-29 18:47:57,470 - logger.py - INFO: 点击登录
2017-11-29 18:48:00,802 - logger.py - INFO: 用例：test_login---NO.:4 ，断言通过
2017-11-29 18:48:03,846 - logger.py - INFO: --------------------------- END ---------------------------
2017-11-29 18:53:38,566 - logger.py - INFO: --------------------------- START ---------------------------
2017-11-29 18:53:46,536 - logger.py - INFO: --------------------登录用例-------------------------------------------
2017-11-29 18:53:47,825 - logger.py - INFO: 输入用户名
2017-11-29 18:53:47,999 - logger.py - INFO: 输入密码
2017-11-29 18:53:48,480 - logger.py - INFO: 点击登录
2017-11-29 18:53:53,079 - logger.py - INFO: 用例：test_login---NO.:1 ，断言通过
2017-11-29 18:54:03,653 - logger.py - INFO: --------------------登录用例-------------------------------------------
2017-11-29 18:54:04,934 - logger.py - INFO: 输入用户名
2017-11-29 18:54:05,122 - logger.py - INFO: 输入密码
2017-11-29 18:54:05,279 - logger.py - INFO: 点击登录
2017-11-29 18:54:09,871 - logger.py - INFO: 用例：test_login---NO.:2 ，断言通过
2017-11-29 18:54:20,654 - logger.py - INFO: --------------------登录用例-------------------------------------------
2017-11-29 18:54:22,085 - logger.py - INFO: 输入用户名
2017-11-29 18:54:22,252 - logger.py - INFO: 输入密码
2017-11-29 18:54:22,736 - logger.py - INFO: 点击登录
2017-11-29 18:54:27,457 - logger.py - INFO: 用例：test_login---NO.:3 ,断言失败的原因：u'524726977' != u'524726976'
- 524726977
?         ^
+ 524726976
?         ^

2017-11-29 18:54:38,437 - logger.py - INFO: --------------------登录用例-------------------------------------------
2017-11-29 18:54:39,642 - logger.py - INFO: 输入用户名
2017-11-29 18:54:40,167 - logger.py - INFO: 输入密码
2017-11-29 18:54:40,331 - logger.py - INFO: 点击登录
2017-11-29 18:54:43,642 - logger.py - INFO: 用例：test_login---NO.:4 ，断言通过
2017-11-29 18:54:46,713 - logger.py - INFO: --------------------------- END ---------------------------
2017-11-29 18:58:54,698 - logger.py - INFO: --------------------登录用例-------------------------------------------
2017-11-29 18:58:55,864 - logger.py - INFO: 输入用户名
2017-11-29 18:58:56,028 - logger.py - INFO: 输入密码
2017-11-29 18:58:56,499 - logger.py - INFO: 点击登录
2017-11-29 18:59:10,104 - logger.py - INFO: 用例：test_login---NO.:1 ,断言失败的原因：Message: no such element: Unable to locate element: {"method":"css selector","selector":"table.formtable>tbody>tr:nth-child(1)>td[style='text-align:left']"}
  (Session info: chrome=60.0.3112.113)
  (Driver info: chromedriver=2.28.455520 (cc17746adff54984afff480136733114c6b3704b),platform=Windows NT 6.1.7601 SP1 x86_64)

