2017-11-24 17:51:22,539 - logger.py - INFO: --------------------------- START ---------------------------
2017-11-24 17:51:30,305 - logger.py - INFO: ----- 用例 (test_login_user_pwd)：用户名密码正确，成功登录
2017-11-24 17:51:31,522 - logger.py - INFO: 输入用户名
2017-11-24 17:51:31,624 - logger.py - INFO: 输入密码
2017-11-24 17:51:32,065 - logger.py - INFO: 点击登录
2017-11-24 17:51:44,941 - logger.py - INFO: ----- 用例 (test_login_user_pwd_null)：密码为空，登录失败
2017-11-24 17:51:46,121 - logger.py - INFO: 输入用户名
2017-11-24 17:51:46,224 - logger.py - INFO: 输入密码
2017-11-24 17:51:46,309 - logger.py - INFO: 点击登录
2017-11-24 17:51:49,464 - logger.py - INFO: --------------------------- END ---------------------------
2017-11-24 17:55:24,634 - logger.py - INFO: --------------------------- START ---------------------------
2017-11-24 17:55:31,907 - logger.py - INFO: ----- 用例 (test_login_user_pwd)：用户名密码正确，成功登录
2017-11-24 17:55:33,036 - logger.py - INFO: 输入用户名
2017-11-24 17:55:33,141 - logger.py - INFO: 输入密码
2017-11-24 17:55:33,579 - logger.py - INFO: 点击登录
2017-11-24 17:55:46,509 - logger.py - INFO: ----- 用例 (test_login_user_pwd_null)：密码为空，登录失败
2017-11-24 17:55:47,831 - logger.py - INFO: 输入用户名
2017-11-24 17:55:47,953 - logger.py - INFO: 输入密码
2017-11-24 17:55:48,364 - logger.py - INFO: 点击登录
2017-11-24 17:55:51,525 - logger.py - INFO: --------------------------- END ---------------------------
2017-11-24 17:57:07,924 - logger.py - INFO: ----- 用例 (test_login_user_pwd)：用户名密码正确，成功登录
2017-11-24 17:57:09,114 - logger.py - INFO: 输入用户名
2017-11-24 17:57:09,221 - logger.py - INFO: 输入密码
2017-11-24 17:57:09,323 - logger.py - INFO: 点击登录
2017-11-24 17:57:22,756 - logger.py - INFO: ----- 用例 (test_login_user_pwd_null)：密码为空，登录失败
2017-11-24 17:57:24,095 - logger.py - INFO: 输入用户名
2017-11-24 17:57:24,203 - logger.py - INFO: 输入密码
2017-11-24 17:57:24,631 - logger.py - INFO: 点击登录
2017-11-24 18:01:26,634 - logger.py - INFO: --------------------------- START ---------------------------
2017-11-24 18:01:33,848 - logger.py - INFO: ----- 用例 (test_login_user_pwd)：用户名密码正确，成功登录
2017-11-24 18:01:34,898 - logger.py - INFO: 输入用户名
2017-11-24 18:01:35,003 - logger.py - INFO: 输入密码
2017-11-24 18:01:35,450 - logger.py - INFO: 点击登录
2017-11-24 18:01:48,371 - logger.py - INFO: ----- 用例 (test_login_user_pwd_null)：密码为空，登录失败
2017-11-24 18:01:49,437 - logger.py - INFO: 输入用户名
2017-11-24 18:01:49,552 - logger.py - INFO: 输入密码
2017-11-24 18:01:49,964 - logger.py - INFO: 点击登录
2017-11-24 18:01:53,127 - logger.py - INFO: --------------------------- END ---------------------------
2017-11-24 18:02:59,446 - logger.py - INFO: ----- 用例 (test_login_user_pwd)：用户名密码正确，成功登录
2017-11-24 18:03:00,460 - logger.py - INFO: 输入用户名
2017-11-24 18:03:00,571 - logger.py - INFO: 输入密码
2017-11-24 18:03:01,000 - logger.py - INFO: 点击登录
2017-11-24 18:06:57,542 - logger.py - INFO: --------------------------- START ---------------------------
2017-11-24 18:07:05,289 - logger.py - INFO: ----- 用例 (test_login_user_pwd)：用户名密码正确，成功登录
2017-11-24 18:07:06,365 - logger.py - INFO: 输入用户名
2017-11-24 18:07:06,476 - logger.py - INFO: 输入密码
2017-11-24 18:07:06,904 - logger.py - INFO: 点击登录
2017-11-24 18:07:12,663 - logger.py - INFO: --------------------------- END ---------------------------
2017-11-24 18:07:29,769 - logger.py - INFO: --------------------------- START ---------------------------
2017-11-24 18:07:37,480 - logger.py - INFO: ----- 用例 (test_login_user_pwd)：用户名密码正确，成功登录
2017-11-24 18:07:38,588 - logger.py - INFO: 输入用户名
2017-11-24 18:07:38,714 - logger.py - INFO: 输入密码
2017-11-24 18:07:39,138 - logger.py - INFO: 点击登录
2017-11-24 18:07:44,923 - logger.py - INFO: --------------------------- END ---------------------------
2017-11-24 18:11:23,530 - logger.py - INFO: ----- 用例 (test_login_user_pwd)：用户名密码正确，成功登录
2017-11-24 18:11:24,683 - logger.py - INFO: 输入用户名
2017-11-24 18:11:24,812 - logger.py - INFO: 输入密码
2017-11-24 18:11:25,247 - logger.py - INFO: 点击登录
2017-11-24 18:14:26,759 - logger.py - INFO: --------------------------- START ---------------------------
2017-11-24 18:14:34,073 - logger.py - INFO: ----- 用例 (test_login_user_pwd)：用户名密码正确，成功登录
2017-11-24 18:14:35,216 - logger.py - INFO: 输入用户名
2017-11-24 18:14:35,326 - logger.py - INFO: 输入密码
2017-11-24 18:14:35,767 - logger.py - INFO: 点击登录
2017-11-24 18:14:41,546 - logger.py - INFO: --------------------------- END ---------------------------
2017-11-24 18:15:37,974 - logger.py - INFO: --------------------------- START ---------------------------
2017-11-24 18:15:45,713 - logger.py - INFO: ----- 用例 (test_login_user_pwd)：用户名密码正确，成功登录
2017-11-24 18:15:46,822 - logger.py - INFO: 输入用户名
2017-11-24 18:15:46,936 - logger.py - INFO: 输入密码
2017-11-24 18:15:47,029 - logger.py - INFO: 点击登录
2017-11-24 18:15:52,778 - logger.py - INFO: --------------------------- END ---------------------------
2017-11-24 18:17:28,907 - logger.py - INFO: --------------------------- START ---------------------------
2017-11-24 18:17:36,163 - logger.py - INFO: ----- 用例 (test_login_user_pwd)：用户名密码正确，成功登录
2017-11-24 18:17:37,174 - logger.py - INFO: 输入用户名
2017-11-24 18:17:37,285 - logger.py - INFO: 输入密码
2017-11-24 18:17:37,701 - logger.py - INFO: 点击登录
2017-11-24 18:17:43,441 - logger.py - INFO: --------------------------- END ---------------------------
2017-11-24 18:18:13,608 - logger.py - INFO: --------------------------- START ---------------------------
2017-11-24 18:18:21,303 - logger.py - INFO: ----- 用例 (test_login_user_pwd)：用户名密码正确，成功登录
2017-11-24 18:18:22,417 - logger.py - INFO: 输入用户名
2017-11-24 18:18:22,545 - logger.py - INFO: 输入密码
2017-11-24 18:18:22,964 - logger.py - INFO: 点击登录
2017-11-24 18:18:28,680 - logger.py - INFO: --------------------------- END ---------------------------
2017-11-24 18:24:07,257 - logger.py - INFO: --------------------------- START ---------------------------
2017-11-24 18:24:32,589 - logger.py - INFO: --------------------------- START ---------------------------
2017-11-24 18:24:34,986 - logger.py - INFO: --------------------------- START ---------------------------
2017-11-24 18:25:24,062 - logger.py - INFO: --------------------------- START ---------------------------
2017-11-24 18:26:28,328 - logger.py - INFO: --------------------------- START ---------------------------
2017-11-24 18:27:12,573 - logger.py - INFO: --------------------------- START ---------------------------
2017-11-24 18:27:14,421 - logger.py - INFO: --------------------------- START ---------------------------
2017-11-24 18:27:25,826 - logger.py - INFO: --------------------------- START ---------------------------
2017-11-24 18:27:33,141 - logger.py - INFO: ----- 用例 (test_login_user_pwd)：用户名密码正确，成功登录
2017-11-24 18:27:34,242 - logger.py - INFO: 输入用户名
2017-11-24 18:27:34,355 - logger.py - INFO: 输入密码
2017-11-24 18:27:34,785 - logger.py - INFO: 点击登录
2017-11-24 18:30:07,575 - logger.py - INFO: --------------------------- START ---------------------------
2017-11-24 18:30:15,290 - logger.py - INFO: ----- 用例 (test_login_user_pwd)：用户名密码正确，成功登录
2017-11-24 18:30:16,546 - logger.py - INFO: 输入用户名
2017-11-24 18:30:16,651 - logger.py - INFO: 输入密码
2017-11-24 18:30:16,756 - logger.py - INFO: 点击登录
2017-11-24 18:30:22,496 - logger.py - INFO: --------------------------- END ---------------------------
2017-11-24 18:32:49,957 - logger.py - INFO: --------------------------- START ---------------------------
2017-11-24 18:32:57,719 - logger.py - INFO: ----- 用例 (test_login_user_pwd)：用户名密码正确，成功登录
2017-11-24 18:32:58,881 - logger.py - INFO: 输入用户名
2017-11-24 18:32:58,990 - logger.py - INFO: 输入密码
2017-11-24 18:32:59,089 - logger.py - INFO: 点击登录
2017-11-24 18:33:04,818 - logger.py - INFO: --------------------------- END ---------------------------
2017-11-24 18:33:12,828 - logger.py - INFO: --------------------------- START ---------------------------
2017-11-24 18:33:20,596 - logger.py - INFO: ----- 用例 (test_login_user_pwd)：用户名密码正确，成功登录
2017-11-24 18:33:22,155 - logger.py - INFO: 输入用户名
2017-11-24 18:33:22,265 - logger.py - INFO: 输入密码
2017-11-24 18:33:22,361 - logger.py - INFO: 点击登录
2017-11-24 18:33:28,446 - logger.py - INFO: --------------------------- END ---------------------------
2017-11-24 18:39:03,311 - logger.py - INFO: --------------------------- START ---------------------------
2017-11-24 18:39:11,059 - logger.py - INFO: ----- 用例 (test_login_user_pwd)：用户名密码正确，成功登录
2017-11-24 18:39:12,325 - logger.py - INFO: 输入用户名
2017-11-24 18:39:12,433 - logger.py - INFO: 输入密码
2017-11-24 18:39:12,869 - logger.py - INFO: 点击登录
2017-11-24 18:39:18,612 - logger.py - INFO: --------------------------- END ---------------------------
2017-11-24 18:40:33,158 - logger.py - INFO: --------------------------- START ---------------------------
2017-11-24 18:40:40,392 - logger.py - INFO: ----- 用例 (test_login_user_pwd)：用户名密码正确，成功登录
2017-11-24 18:40:41,680 - logger.py - INFO: 输入用户名
2017-11-24 18:40:41,792 - logger.py - INFO: 输入密码
2017-11-24 18:40:42,207 - logger.py - INFO: 点击登录
2017-11-24 18:40:47,930 - logger.py - INFO: -------登录用例执行完成-------
