2017-11-28 09:28:31,079 - logger.py - INFO: --------------------------- START ---------------------------
2017-11-28 09:28:38,289 - logger.py - INFO: ----- 用例 (test_login_user_pwd)：用户名密码正确，成功登录
2017-11-28 09:28:38,729 - logger.py - INFO: 输入用户名
2017-11-28 09:28:38,812 - logger.py - INFO: 输入密码
2017-11-28 09:28:38,900 - logger.py - INFO: 点击登录
2017-11-28 09:28:42,108 - logger.py - INFO: -------登录用例执行完成-------
2017-11-28 09:35:52,160 - logger.py - INFO: ----- 用例 (test_login_user_pwd)：用户名密码正确，成功登录
2017-11-28 09:35:52,706 - logger.py - INFO: 输入用户名
2017-11-28 09:35:52,783 - logger.py - INFO: 输入密码
2017-11-28 09:35:52,878 - logger.py - INFO: 点击登录
2017-11-28 09:36:58,038 - logger.py - INFO: ----- 用例 (test_login_user_pwd)：用户名密码正确，成功登录
2017-11-28 09:36:58,463 - logger.py - INFO: 输入用户名
2017-11-28 09:36:58,522 - logger.py - INFO: 输入密码
2017-11-28 09:36:58,615 - logger.py - INFO: 点击登录
2017-11-28 09:37:58,961 - logger.py - INFO: ----- 用例 (test_login_user_pwd)：用户名密码正确，成功登录
2017-11-28 09:37:59,500 - logger.py - INFO: 输入用户名
2017-11-28 09:37:59,565 - logger.py - INFO: 输入密码
2017-11-28 09:37:59,647 - logger.py - INFO: 点击登录
2017-11-28 09:38:07,697 - logger.py - INFO: ----- 用例 (test_login_user_pwd_null)：密码为空，登录失败
2017-11-28 09:38:08,128 - logger.py - INFO: 输入用户名
2017-11-28 09:38:08,194 - logger.py - INFO: 输入密码
2017-11-28 09:38:08,252 - logger.py - INFO: 点击登录
2017-11-28 09:46:55,536 - logger.py - INFO: ----- 用例 (test_login_user_pwd)：用户名密码正确，成功登录
2017-11-28 09:46:56,069 - logger.py - INFO: 输入用户名
2017-11-28 09:46:56,138 - logger.py - INFO: 输入密码
2017-11-28 09:46:56,223 - logger.py - INFO: 点击登录
2017-11-28 10:08:34,997 - logger.py - INFO: --------------------------- START ---------------------------
2017-11-28 10:08:42,069 - logger.py - INFO: ----- 用例 (test_login_user_pwd)：用户名密码正确，成功登录
2017-11-28 10:08:42,617 - logger.py - INFO: 输入用户名
2017-11-28 10:08:42,687 - logger.py - INFO: 输入密码
2017-11-28 10:08:42,790 - logger.py - INFO: 点击登录
2017-11-28 10:08:46,256 - logger.py - INFO: --------------------------- END ---------------------------
2017-11-28 10:09:07,890 - logger.py - INFO: --------------------------- START ---------------------------
2017-11-28 10:09:14,980 - logger.py - INFO: ----- 用例 (test_login_user_pwd)：用户名密码正确，成功登录
2017-11-28 10:09:15,411 - logger.py - INFO: 输入用户名
2017-11-28 10:09:15,487 - logger.py - INFO: 输入密码
2017-11-28 10:09:15,569 - logger.py - INFO: 点击登录
2017-11-28 10:09:19,658 - logger.py - INFO: --------------------------- END ---------------------------
2017-11-28 10:13:59,437 - logger.py - INFO: --------------------------- START ---------------------------
2017-11-28 10:14:06,530 - logger.py - INFO: ----- 用例 (test_login_user_pwd)：用户名密码正确，成功登录
2017-11-28 10:14:06,964 - logger.py - INFO: 输入用户名
2017-11-28 10:14:07,033 - logger.py - INFO: 输入密码
2017-11-28 10:14:07,118 - logger.py - INFO: 点击登录
2017-11-28 10:14:10,674 - logger.py - INFO: --------------------------- END ---------------------------
2017-11-28 10:15:27,450 - logger.py - INFO: --------------------------- START ---------------------------
2017-11-28 10:15:34,538 - logger.py - INFO: ----- 用例 (test_login_user_pwd)：用户名密码正确，成功登录
2017-11-28 10:15:35,000 - logger.py - INFO: 输入用户名
2017-11-28 10:15:35,065 - logger.py - INFO: 输入密码
2017-11-28 10:15:35,158 - logger.py - INFO: 点击登录
2017-11-28 10:15:38,644 - logger.py - INFO: --------------------------- END ---------------------------
2017-11-28 10:16:48,997 - logger.py - INFO: --------------------------- START ---------------------------
2017-11-28 10:16:56,085 - logger.py - INFO: ----- 用例 (test_login_user_pwd)：用户名密码正确，成功登录
2017-11-28 10:16:56,621 - logger.py - INFO: 输入用户名
2017-11-28 10:16:56,698 - logger.py - INFO: 输入密码
2017-11-28 10:16:56,806 - logger.py - INFO: 点击登录
2017-11-28 10:17:00,371 - logger.py - INFO: --------------------------- END ---------------------------
2017-11-28 11:41:21,914 - logger.py - INFO: --------------------------- START ---------------------------
2017-11-28 11:41:29,006 - logger.py - INFO: ----- 用例 (test_login_user_pwd)：用户名密码正确，成功登录
2017-11-28 11:41:29,539 - logger.py - INFO: 输入用户名
2017-11-28 11:41:29,622 - logger.py - INFO: 输入密码
2017-11-28 11:41:29,726 - logger.py - INFO: 点击登录
2017-11-28 11:41:33,470 - logger.py - INFO: --------------------------- END ---------------------------
2017-11-28 11:41:53,746 - logger.py - INFO: --------------------------- START ---------------------------
2017-11-28 11:42:00,858 - logger.py - INFO: ----- 用例 (test_login_user_pwd)：用户名密码正确，成功登录
2017-11-28 11:42:01,411 - logger.py - INFO: 输入用户名
2017-11-28 11:42:01,493 - logger.py - INFO: 输入密码
2017-11-28 11:42:01,595 - logger.py - INFO: 点击登录
2017-11-28 11:42:05,313 - logger.py - INFO: --------------------------- END ---------------------------
2017-11-28 11:42:43,378 - logger.py - INFO: --------------------------- START ---------------------------
2017-11-28 11:42:50,487 - logger.py - INFO: ----- 用例 (test_login_user_pwd)：用户名密码正确，成功登录
2017-11-28 11:42:51,020 - logger.py - INFO: 输入用户名
2017-11-28 11:42:51,088 - logger.py - INFO: 输入密码
2017-11-28 11:42:51,191 - logger.py - INFO: 点击登录
2017-11-28 11:42:54,312 - logger.py - INFO: --------------------------- END ---------------------------
2017-11-28 11:44:55,351 - logger.py - INFO: --------------------------- START ---------------------------
2017-11-28 11:45:02,457 - logger.py - INFO: ----- 用例 (test_login_user_pwd)：用户名密码正确，成功登录
2017-11-28 11:45:03,006 - logger.py - INFO: 输入用户名
2017-11-28 11:45:03,091 - logger.py - INFO: 输入密码
2017-11-28 11:45:03,201 - logger.py - INFO: 点击登录
2017-11-28 11:45:07,618 - logger.py - INFO: --------------------------- END ---------------------------
2017-11-28 11:45:28,710 - logger.py - INFO: --------------------------- START ---------------------------
2017-11-28 11:45:35,806 - logger.py - INFO: ----- 用例 (test_login_user_pwd)：用户名密码正确，成功登录
2017-11-28 11:45:36,265 - logger.py - INFO: 输入用户名
2017-11-28 11:45:36,342 - logger.py - INFO: 输入密码
2017-11-28 11:45:36,443 - logger.py - INFO: 点击登录
2017-11-28 11:45:40,380 - logger.py - INFO: --------------------------- END ---------------------------
2017-11-28 11:46:37,658 - logger.py - INFO: --------------------------- START ---------------------------
2017-11-28 11:46:44,760 - logger.py - INFO: ----- 用例 (test_login_user_pwd)：用户名密码正确，成功登录
2017-11-28 11:46:47,502 - logger.py - INFO: 输入用户名
2017-11-28 11:46:47,588 - logger.py - INFO: 输入密码
2017-11-28 11:46:47,687 - logger.py - INFO: 点击登录
2017-11-28 11:46:51,769 - logger.py - INFO: --------------------------- END ---------------------------
2017-11-28 11:54:42,086 - logger.py - INFO: --------------------------- START ---------------------------
2017-11-28 11:54:49,217 - logger.py - INFO: ----- 用例 (test_login_user_pwd)：用户名密码正确，成功登录
2017-11-28 11:54:49,760 - logger.py - INFO: 输入用户名
2017-11-28 11:54:50,071 - logger.py - INFO: 输入密码
2017-11-28 11:54:50,217 - logger.py - INFO: 点击登录
2017-11-28 11:54:54,069 - logger.py - INFO: --------------------------- END ---------------------------
2017-11-28 11:55:32,344 - logger.py - INFO: --------------------------- START ---------------------------
2017-11-28 11:55:39,466 - logger.py - INFO: ----- 用例 (test_login_user_pwd)：用户名密码正确，成功登录
2017-11-28 11:55:39,897 - logger.py - INFO: 输入用户名
2017-11-28 11:55:39,983 - logger.py - INFO: 输入密码
2017-11-28 11:55:40,089 - logger.py - INFO: 点击登录
2017-11-28 11:55:43,900 - logger.py - INFO: --------------------------- END ---------------------------
2017-11-28 11:57:13,341 - logger.py - INFO: --------------------------- START ---------------------------
2017-11-28 11:57:18,433 - logger.py - INFO: ----- 用例 (test_login_user_pwd)：用户名密码正确，成功登录
2017-11-28 11:57:18,868 - logger.py - INFO: 输入用户名
2017-11-28 11:57:18,954 - logger.py - INFO: 输入密码
2017-11-28 11:57:19,069 - logger.py - INFO: 点击登录
2017-11-28 11:57:22,776 - logger.py - INFO: --------------------------- END ---------------------------
2017-11-28 11:59:26,862 - logger.py - INFO: --------------------------- START ---------------------------
2017-11-28 11:59:34,003 - logger.py - INFO: ----- 用例 (test_login_user_pwd)：用户名密码正确，成功登录
2017-11-28 11:59:34,444 - logger.py - INFO: 输入用户名
2017-11-28 11:59:34,526 - logger.py - INFO: 输入密码
2017-11-28 11:59:34,660 - logger.py - INFO: 点击登录
2017-11-28 11:59:39,184 - logger.py - INFO: --------------------------- END ---------------------------
2017-11-28 12:00:00,259 - logger.py - INFO: --------------------------- START ---------------------------
2017-11-28 12:00:07,369 - logger.py - INFO: ----- 用例 (test_login_user_pwd)：用户名密码正确，成功登录
2017-11-28 12:00:07,826 - logger.py - INFO: 输入用户名
2017-11-28 12:00:07,914 - logger.py - INFO: 输入密码
2017-11-28 12:00:08,030 - logger.py - INFO: 点击登录
2017-11-28 12:00:11,875 - logger.py - INFO: --------------------------- END ---------------------------
2017-11-28 12:01:09,302 - logger.py - INFO: --------------------------- START ---------------------------
2017-11-28 12:01:16,394 - logger.py - INFO: ----- 用例 (test_login_user_pwd)：用户名密码正确，成功登录
2017-11-28 12:01:16,846 - logger.py - INFO: 输入用户名
2017-11-28 12:01:16,947 - logger.py - INFO: 输入密码
2017-11-28 12:01:17,059 - logger.py - INFO: 点击登录
2017-11-28 12:01:20,763 - logger.py - INFO: --------------------------- END ---------------------------
2017-11-28 12:02:25,017 - logger.py - INFO: --------------------------- START ---------------------------
2017-11-28 12:02:32,124 - logger.py - INFO: ----- 用例 (test_login_user_pwd)：用户名密码正确，成功登录
2017-11-28 12:02:41,624 - logger.py - INFO: 输入用户名
2017-11-28 12:02:41,697 - logger.py - INFO: 输入密码
2017-11-28 12:02:41,805 - logger.py - INFO: 点击登录
2017-11-28 12:02:45,809 - logger.py - INFO: --------------------------- END ---------------------------
2017-11-28 12:06:42,236 - logger.py - INFO: --------------------------- START ---------------------------
2017-11-28 12:06:56,148 - logger.py - INFO: ----- 用例 (test_login_user_pwd)：用户名密码正确，成功登录
2017-11-28 12:06:56,806 - logger.py - INFO: 输入用户名
2017-11-28 12:06:56,894 - logger.py - INFO: 输入密码
2017-11-28 12:06:57,101 - logger.py - INFO: 点击登录
2017-11-28 12:07:19,983 - logger.py - INFO: --------------------------- END ---------------------------
2017-11-28 12:09:26,601 - logger.py - INFO: --------------------------- START ---------------------------
2017-11-28 12:09:33,697 - logger.py - INFO: ----- 用例 (test_login_user_pwd)：用户名密码正确，成功登录
2017-11-28 12:09:34,236 - logger.py - INFO: 输入用户名
2017-11-28 12:09:34,315 - logger.py - INFO: 输入密码
2017-11-28 12:09:34,411 - logger.py - INFO: 点击登录
2017-11-28 12:09:38,390 - logger.py - INFO: --------------------------- END ---------------------------
2017-11-28 12:11:29,522 - logger.py - INFO: --------------------------- START ---------------------------
2017-11-28 12:11:36,625 - logger.py - INFO: ----- 用例 (test_login_user_pwd)：用户名密码正确，成功登录
2017-11-28 12:11:37,078 - logger.py - INFO: 输入用户名
2017-11-28 12:11:37,155 - logger.py - INFO: 输入密码
2017-11-28 12:11:37,250 - logger.py - INFO: 点击登录
2017-11-28 12:11:41,082 - logger.py - INFO: --------------------------- END ---------------------------
2017-11-28 12:28:57,907 - logger.py - INFO: --------------------------- START ---------------------------
2017-11-28 12:29:05,572 - logger.py - INFO: ----- 用例 (test_login_user_pwd)：用户名密码正确，成功登录
2017-11-28 12:29:06,150 - logger.py - INFO: 输入用户名
2017-11-28 12:29:06,223 - logger.py - INFO: 输入密码
2017-11-28 12:29:06,305 - logger.py - INFO: 点击登录
2017-11-28 12:29:11,473 - logger.py - INFO: --------------------------- END ---------------------------
2017-11-28 13:59:23,022 - logger.py - INFO: --------------------------- START ---------------------------
2017-11-28 13:59:30,107 - logger.py - INFO: ----- 用例 (test_login_user_pwd)：用户名密码正确，成功登录
2017-11-28 13:59:30,565 - logger.py - INFO: 输入用户名
2017-11-28 13:59:30,627 - logger.py - INFO: 输入密码
2017-11-28 13:59:30,707 - logger.py - INFO: 点击登录
2017-11-28 13:59:34,262 - logger.py - INFO: --------------------------- END ---------------------------
2017-11-28 16:01:45,441 - logger.py - INFO: ----- 用例 (test_login_user_pwd)：用户名密码正确，成功登录
2017-11-28 16:01:45,865 - logger.py - INFO: 输入用户名
2017-11-28 16:01:45,930 - logger.py - INFO: 输入密码
2017-11-28 16:01:46,016 - logger.py - INFO: 点击登录
2017-11-28 16:13:11,943 - logger.py - INFO: ----- 用例 -----
2017-11-28 16:13:13,269 - logger.py - INFO: 输入用户名
2017-11-28 16:13:13,428 - logger.py - INFO: 输入密码
2017-11-28 16:13:13,871 - logger.py - INFO: 点击登录
2017-11-28 16:13:26,811 - logger.py - INFO: ----- 用例 -----
2017-11-28 16:13:28,099 - logger.py - INFO: 输入用户名
2017-11-28 16:13:28,233 - logger.py - INFO: 输入密码
2017-11-28 16:13:28,644 - logger.py - INFO: 点击登录
2017-11-28 16:14:56,479 - logger.py - INFO: ----- 用例 -----
2017-11-28 16:14:57,785 - logger.py - INFO: 输入用户名
2017-11-28 16:14:57,888 - logger.py - INFO: 输入密码
2017-11-28 16:14:58,315 - logger.py - INFO: 点击登录
2017-11-28 16:15:12,499 - logger.py - INFO: ----- 用例 -----
2017-11-28 16:15:13,743 - logger.py - INFO: 输入用户名
2017-11-28 16:15:13,869 - logger.py - INFO: 输入密码
2017-11-28 16:15:13,984 - logger.py - INFO: 点击登录
2017-11-28 16:24:37,059 - logger.py - INFO: ----- 用例 -----
2017-11-28 16:24:38,546 - logger.py - INFO: 输入用户名
2017-11-28 16:24:38,654 - logger.py - INFO: 输入密码
2017-11-28 16:24:39,085 - logger.py - INFO: 点击登录
2017-11-28 16:24:52,795 - logger.py - INFO: ----- 用例 -----
2017-11-28 16:24:54,039 - logger.py - INFO: 输入用户名
2017-11-28 16:24:54,164 - logger.py - INFO: 输入密码
2017-11-28 16:24:54,584 - logger.py - INFO: 点击登录
2017-11-28 16:34:40,684 - logger.py - INFO: ----- 用例 -----
2017-11-28 16:34:42,023 - logger.py - INFO: 输入用户名
2017-11-28 16:34:42,144 - logger.py - INFO: 输入密码
2017-11-28 16:34:42,243 - logger.py - INFO: 点击登录
2017-11-28 16:34:56,453 - logger.py - INFO: ----- 用例 -----
2017-11-28 16:34:57,713 - logger.py - INFO: 输入用户名
2017-11-28 16:34:57,835 - logger.py - INFO: 输入密码
2017-11-28 16:34:57,937 - logger.py - INFO: 点击登录
2017-11-28 16:35:12,276 - logger.py - INFO: ----- 用例 -----
2017-11-28 16:35:13,417 - logger.py - INFO: 输入用户名
2017-11-28 16:35:13,549 - logger.py - INFO: 输入密码
2017-11-28 16:35:13,986 - logger.py - INFO: 点击登录
2017-11-28 16:35:27,555 - logger.py - INFO: ----- 用例 -----
2017-11-28 16:35:28,714 - logger.py - INFO: 输入用户名
2017-11-28 16:35:28,793 - logger.py - INFO: 输入密码
2017-11-28 16:35:28,895 - logger.py - INFO: 点击登录
2017-11-28 16:46:31,371 - logger.py - INFO: ----- 用例 -----
2017-11-28 16:46:32,641 - logger.py - INFO: 输入用户名
2017-11-28 16:46:32,752 - logger.py - INFO: 输入密码
2017-11-28 16:46:33,207 - logger.py - INFO: 点击登录
2017-11-28 16:46:47,188 - logger.py - INFO: ----- 用例 -----
2017-11-28 16:46:48,562 - logger.py - INFO: 输入用户名
2017-11-28 16:46:48,690 - logger.py - INFO: 输入密码
2017-11-28 16:46:49,085 - logger.py - INFO: 点击登录
2017-11-28 16:47:03,121 - logger.py - INFO: ----- 用例 -----
2017-11-28 16:47:04,479 - logger.py - INFO: 输入用户名
2017-11-28 16:47:04,607 - logger.py - INFO: 输入密码
2017-11-28 16:47:05,013 - logger.py - INFO: 点击登录
2017-11-28 16:47:48,536 - logger.py - INFO: ----- 用例 -----
2017-11-28 16:47:49,756 - logger.py - INFO: 输入用户名
2017-11-28 16:47:49,858 - logger.py - INFO: 输入密码
2017-11-28 16:47:50,269 - logger.py - INFO: 点击登录
2017-11-28 16:48:03,933 - logger.py - INFO: ----- 用例 -----
2017-11-28 16:48:05,201 - logger.py - INFO: 输入用户名
2017-11-28 16:48:05,676 - logger.py - INFO: 输入密码
2017-11-28 16:48:05,775 - logger.py - INFO: 点击登录
2017-11-28 16:48:19,681 - logger.py - INFO: ----- 用例 -----
2017-11-28 16:48:21,039 - logger.py - INFO: 输入用户名
2017-11-28 16:48:21,194 - logger.py - INFO: 输入密码
2017-11-28 16:48:21,624 - logger.py - INFO: 点击登录
2017-11-28 16:51:11,858 - logger.py - INFO: ----- 用例 -----
2017-11-28 16:51:13,040 - logger.py - INFO: 输入用户名
2017-11-28 16:51:13,178 - logger.py - INFO: 输入密码
2017-11-28 16:51:13,638 - logger.py - INFO: 点击登录
2017-11-28 16:51:27,124 - logger.py - INFO: ----- 用例 -----
2017-11-28 16:51:28,605 - logger.py - INFO: 输入用户名
2017-11-28 16:51:28,723 - logger.py - INFO: 输入密码
2017-11-28 16:51:29,173 - logger.py - INFO: 点击登录
2017-11-28 16:51:43,400 - logger.py - INFO: ----- 用例 -----
2017-11-28 16:51:44,585 - logger.py - INFO: 输入用户名
2017-11-28 16:51:44,703 - logger.py - INFO: 输入密码
2017-11-28 16:51:45,115 - logger.py - INFO: 点击登录
2017-11-28 16:51:58,637 - logger.py - INFO: ----- 用例 (test_login_user_pwd_null)：密码为空，登录失败
2017-11-28 16:52:00,012 - logger.py - INFO: 输入用户名
2017-11-28 16:52:00,117 - logger.py - INFO: 输入密码
2017-11-28 16:52:00,552 - logger.py - INFO: 点击登录
2017-11-28 16:57:51,905 - logger.py - INFO: ----- 用例 (test_login_user_pwd_null)：密码为空，登录失败
2017-11-28 16:57:53,193 - logger.py - INFO: 输入用户名
2017-11-28 16:57:53,345 - logger.py - INFO: 输入密码
2017-11-28 16:57:53,759 - logger.py - INFO: 点击登录
2017-11-28 17:00:04,513 - logger.py - INFO: ----- 用例 (test_login_user_pwd_null)：密码为空，登录失败
2017-11-28 17:00:05,790 - logger.py - INFO: 输入用户名
2017-11-28 17:00:05,903 - logger.py - INFO: 输入密码
2017-11-28 17:00:06,335 - logger.py - INFO: 点击登录
2017-11-28 17:00:43,931 - logger.py - INFO: ----- 用例 -----
2017-11-28 17:00:45,157 - logger.py - INFO: 输入用户名
2017-11-28 17:00:45,303 - logger.py - INFO: 输入密码
2017-11-28 17:00:45,411 - logger.py - INFO: 点击登录
2017-11-28 17:00:59,151 - logger.py - INFO: ----- 用例 -----
2017-11-28 17:01:00,573 - logger.py - INFO: 输入用户名
2017-11-28 17:01:00,687 - logger.py - INFO: 输入密码
2017-11-28 17:01:01,098 - logger.py - INFO: 点击登录
2017-11-28 17:01:15,006 - logger.py - INFO: ----- 用例 -----
2017-11-28 17:01:16,404 - logger.py - INFO: 输入用户名
2017-11-28 17:01:16,525 - logger.py - INFO: 输入密码
2017-11-28 17:01:16,618 - logger.py - INFO: 点击登录
2017-11-28 17:01:30,648 - logger.py - INFO: ----- 用例 (test_login_user_pwd_null)：密码为空，登录失败
2017-11-28 17:01:31,904 - logger.py - INFO: 输入用户名
2017-11-28 17:01:32,013 - logger.py - INFO: 输入密码
2017-11-28 17:01:32,420 - logger.py - INFO: 点击登录
2017-11-28 17:07:27,552 - logger.py - INFO: (test_login_error)：登录失败用例
2017-11-28 17:07:28,898 - logger.py - INFO: 输入用户名
2017-11-28 17:07:29,009 - logger.py - INFO: 输入密码
2017-11-28 17:07:29,114 - logger.py - INFO: 点击登录
2017-11-28 17:07:40,392 - logger.py - INFO: (test_login_error)：登录成功用例
2017-11-28 17:07:41,635 - logger.py - INFO: 输入用户名
2017-11-28 17:07:41,743 - logger.py - INFO: 输入密码
2017-11-28 17:07:41,839 - logger.py - INFO: 点击登录
2017-11-28 17:07:55,874 - logger.py - INFO: (test_login_error)：登录成功用例
2017-11-28 17:07:57,217 - logger.py - INFO: 输入用户名
2017-11-28 17:07:57,342 - logger.py - INFO: 输入密码
2017-11-28 17:07:57,744 - logger.py - INFO: 点击登录
2017-11-28 17:08:11,905 - logger.py - INFO: (test_login_error)：登录成功用例
2017-11-28 17:08:13,332 - logger.py - INFO: 输入用户名
2017-11-28 17:08:13,450 - logger.py - INFO: 输入密码
2017-11-28 17:08:13,864 - logger.py - INFO: 点击登录
2017-11-28 17:28:07,918 - logger.py - INFO: 输入用户名
2017-11-28 17:28:08,039 - logger.py - INFO: 输入密码
2017-11-28 17:28:08,446 - logger.py - INFO: 点击登录
2017-11-28 17:29:06,668 - logger.py - INFO: 输入用户名
2017-11-28 17:29:06,785 - logger.py - INFO: 输入密码
2017-11-28 17:29:07,200 - logger.py - INFO: 点击登录
2017-11-28 17:30:41,704 - logger.py - INFO: 输入用户名
2017-11-28 17:30:41,838 - logger.py - INFO: 输入密码
2017-11-28 17:30:42,252 - logger.py - INFO: 点击登录
2017-11-28 17:31:25,766 - logger.py - INFO: 输入用户名
2017-11-28 17:31:25,894 - logger.py - INFO: 输入密码
2017-11-28 17:31:26,367 - logger.py - INFO: 点击登录
2017-11-28 17:41:47,552 - logger.py - INFO: (test_login_error)：登录失败用例
2017-11-28 17:41:48,887 - logger.py - INFO: 输入用户名
2017-11-28 17:41:48,990 - logger.py - INFO: 输入密码
2017-11-28 17:41:49,092 - logger.py - INFO: 点击登录
2017-11-28 17:42:21,750 - logger.py - INFO: (test_login_error)：登录失败用例
2017-11-28 17:42:23,059 - logger.py - INFO: 输入用户名
2017-11-28 17:42:23,171 - logger.py - INFO: 输入密码
2017-11-28 17:42:23,266 - logger.py - INFO: 点击登录
2017-11-28 17:43:04,336 - logger.py - INFO: (test_login_error)：登录失败用例
2017-11-28 17:43:05,641 - logger.py - INFO: 输入用户名
2017-11-28 17:43:05,746 - logger.py - INFO: 输入密码
2017-11-28 17:43:06,171 - logger.py - INFO: 点击登录
2017-11-28 17:43:50,578 - logger.py - INFO: (test_login_error)：登录失败用例
2017-11-28 17:43:52,131 - logger.py - INFO: 输入用户名
2017-11-28 17:43:52,226 - logger.py - INFO: 输入密码
2017-11-28 17:43:52,331 - logger.py - INFO: 点击登录
2017-11-28 18:16:12,460 - logger.py - INFO: (test_login_error)：登录失败用例
2017-11-28 18:16:13,742 - logger.py - INFO: 输入用户名
2017-11-28 18:16:13,858 - logger.py - INFO: 输入密码
2017-11-28 18:16:14,292 - logger.py - INFO: 点击登录
2017-11-28 18:19:32,664 - logger.py - INFO: (test_login_error)：登录失败用例
2017-11-28 18:19:33,993 - logger.py - INFO: 输入用户名
2017-11-28 18:19:34,121 - logger.py - INFO: 输入密码
2017-11-28 18:19:34,555 - logger.py - INFO: 点击登录
2017-11-28 18:20:34,434 - logger.py - INFO: (test_login_error)：登录失败用例
2017-11-28 18:20:35,726 - logger.py - INFO: 输入用户名
2017-11-28 18:20:35,834 - logger.py - INFO: 输入密码
2017-11-28 18:20:36,286 - logger.py - INFO: 点击登录
2017-11-28 18:21:16,852 - logger.py - INFO: 输入用户名
2017-11-28 18:21:17,167 - logger.py - INFO: 输入密码
2017-11-28 18:21:17,486 - logger.py - INFO: 点击登录
2017-11-28 18:21:21,141 - logger.py - INFO: (test_login_error)：登录失败用例
2017-11-28 18:21:22,585 - logger.py - INFO: 输入用户名
2017-11-28 18:21:22,713 - logger.py - INFO: 输入密码
2017-11-28 18:21:23,150 - logger.py - INFO: 点击登录
2017-11-28 18:21:37,940 - logger.py - INFO: (test_login_error)：登录失败用例
2017-11-28 18:21:39,188 - logger.py - INFO: 输入用户名
2017-11-28 18:21:39,309 - logger.py - INFO: 输入密码
2017-11-28 18:21:39,769 - logger.py - INFO: 点击登录
2017-11-28 18:22:10,049 - logger.py - INFO: (test_login_error)：登录用例
2017-11-28 18:22:11,259 - logger.py - INFO: 输入用户名
2017-11-28 18:22:11,378 - logger.py - INFO: 输入密码
2017-11-28 18:22:11,835 - logger.py - INFO: 点击登录
2017-11-28 18:25:27,318 - logger.py - INFO: (test_login_error)：登录用例
2017-11-28 18:25:28,588 - logger.py - INFO: 输入用户名
2017-11-28 18:25:28,703 - logger.py - INFO: 输入密码
2017-11-28 18:25:29,121 - logger.py - INFO: 点击登录
2017-11-28 18:27:21,660 - logger.py - INFO: (test_login_error)：登录用例
2017-11-28 18:27:23,017 - logger.py - INFO: 输入用户名
2017-11-28 18:27:23,131 - logger.py - INFO: 输入密码
2017-11-28 18:27:23,568 - logger.py - INFO: 点击登录
2017-11-28 18:27:45,526 - logger.py - INFO: (test_login_error)：登录用例
2017-11-28 18:27:46,894 - logger.py - INFO: 输入用户名
2017-11-28 18:27:47,019 - logger.py - INFO: 输入密码
2017-11-28 18:27:47,441 - logger.py - INFO: 点击登录
2017-11-28 18:31:43,499 - logger.py - INFO: 输入用户名
2017-11-28 18:31:43,644 - logger.py - INFO: 输入密码
2017-11-28 18:31:44,095 - logger.py - INFO: 点击登录
2017-11-28 18:33:22,479 - logger.py - INFO: (test_login_error)：登录用例
2017-11-28 18:33:23,815 - logger.py - INFO: 输入用户名
2017-11-28 18:33:23,931 - logger.py - INFO: 输入密码
2017-11-28 18:33:24,362 - logger.py - INFO: 点击登录
2017-11-28 18:38:26,737 - logger.py - INFO: 输入用户名
2017-11-28 18:38:27,177 - logger.py - INFO: 输入密码
2017-11-28 18:38:27,282 - logger.py - INFO: 点击登录
2017-11-28 18:38:55,575 - logger.py - INFO: (test_login_error)：登录用例
2017-11-28 18:38:56,776 - logger.py - INFO: 输入用户名
2017-11-28 18:38:56,880 - logger.py - INFO: 输入密码
2017-11-28 18:38:57,290 - logger.py - INFO: 点击登录
2017-11-28 18:39:09,724 - logger.py - INFO: (test_login_error)：登录用例
2017-11-28 18:39:11,114 - logger.py - INFO: 输入用户名
2017-11-28 18:39:11,552 - logger.py - INFO: 输入密码
2017-11-28 18:39:11,648 - logger.py - INFO: 点击登录
2017-11-28 18:39:26,858 - logger.py - INFO: (test_login_error)：登录用例
2017-11-28 18:39:28,094 - logger.py - INFO: 输入用户名
2017-11-28 18:39:28,214 - logger.py - INFO: 输入密码
2017-11-28 18:39:28,313 - logger.py - INFO: 点击登录
2017-11-28 18:39:41,983 - logger.py - INFO: (test_login_error)：登录用例
2017-11-28 18:39:45,529 - logger.py - INFO: 输入用户名
2017-11-28 18:39:45,655 - logger.py - INFO: 输入密码
2017-11-28 18:39:46,078 - logger.py - INFO: 点击登录
