2017-11-27 10:03:03,016 - logger.py - INFO: --------------------------- START ---------------------------
2017-11-27 10:03:37,417 - logger.py - INFO: --------------------------- START ---------------------------
2017-11-27 10:03:45,269 - logger.py - INFO: ----- 用例 (test_login_user_pwd)：用户名密码正确，成功登录
2017-11-27 10:03:46,476 - logger.py - INFO: 输入用户名
2017-11-27 10:03:46,605 - logger.py - INFO: 输入密码
2017-11-27 10:03:47,035 - logger.py - INFO: 点击登录
2017-11-27 10:05:40,301 - logger.py - INFO: --------------------------- START ---------------------------
2017-11-27 10:05:48,043 - logger.py - INFO: ----- 用例 (test_login_user_pwd)：用户名密码正确，成功登录
2017-11-27 10:05:49,098 - logger.py - INFO: 输入用户名
2017-11-27 10:05:49,210 - logger.py - INFO: 输入密码
2017-11-27 10:05:49,661 - logger.py - INFO: 点击登录
2017-11-27 10:05:55,372 - logger.py - INFO: -------登录用例执行完成-------
2017-11-27 10:07:42,367 - logger.py - INFO: --------------------------- START ---------------------------
2017-11-27 10:08:39,647 - logger.py - INFO: --------------------------- START ---------------------------
2017-11-27 10:08:47,476 - logger.py - INFO: ----- 用例 (test_login_user_pwd)：用户名密码正确，成功登录
2017-11-27 10:08:48,655 - logger.py - INFO: 输入用户名
2017-11-27 10:08:48,788 - logger.py - INFO: 输入密码
2017-11-27 10:08:49,204 - logger.py - INFO: 点击登录
2017-11-27 10:17:35,733 - logger.py - INFO: ----- 用例 (test_login_user_pwd)：用户名密码正确，成功登录
2017-11-27 10:17:37,085 - logger.py - INFO: 输入用户名
2017-11-27 10:17:37,210 - logger.py - INFO: 输入密码
2017-11-27 10:17:37,644 - logger.py - INFO: 点击登录
2017-11-27 10:18:24,756 - logger.py - INFO: --------------------------- START ---------------------------
2017-11-27 10:18:32,507 - logger.py - INFO: ----- 用例 (test_login_user_pwd)：用户名密码正确，成功登录
2017-11-27 10:18:33,644 - logger.py - INFO: 输入用户名
2017-11-27 10:18:33,755 - logger.py - INFO: 输入密码
2017-11-27 10:18:34,230 - logger.py - INFO: 点击登录
2017-11-27 10:22:31,851 - logger.py - INFO: --------------------------- START ---------------------------
2017-11-27 10:22:39,645 - logger.py - INFO: ----- 用例 (test_login_user_pwd)：用户名密码正确，成功登录
2017-11-27 10:22:40,796 - logger.py - INFO: 输入用户名
2017-11-27 10:22:40,923 - logger.py - INFO: 输入密码
2017-11-27 10:22:41,338 - logger.py - INFO: 点击登录
2017-11-27 10:23:24,315 - logger.py - INFO: --------------------------- START ---------------------------
2017-11-27 10:23:31,536 - logger.py - INFO: ----- 用例 (test_login_user_pwd)：用户名密码正确，成功登录
2017-11-27 10:23:32,671 - logger.py - INFO: 输入用户名
2017-11-27 10:23:32,772 - logger.py - INFO: 输入密码
2017-11-27 10:23:32,872 - logger.py - INFO: 点击登录
2017-11-27 10:23:43,640 - logger.py - INFO: -------登录用例执行完成-------
2017-11-27 10:24:31,624 - logger.py - INFO: --------------------------- START ---------------------------
2017-11-27 10:24:38,888 - logger.py - INFO: ----- 用例 (test_login_user_pwd)：用户名密码正确，成功登录
2017-11-27 10:24:40,141 - logger.py - INFO: 输入用户名
2017-11-27 10:24:40,253 - logger.py - INFO: 输入密码
2017-11-27 10:24:40,694 - logger.py - INFO: 点击登录
2017-11-27 10:24:46,411 - logger.py - INFO: -------登录用例执行完成-------
2017-11-27 10:25:08,736 - logger.py - INFO: --------------------------- START ---------------------------
2017-11-27 10:25:16,066 - logger.py - INFO: ----- 用例 (test_login_user_pwd)：用户名密码正确，成功登录
2017-11-27 10:25:17,187 - logger.py - INFO: 输入用户名
2017-11-27 10:25:17,305 - logger.py - INFO: 输入密码
2017-11-27 10:25:17,747 - logger.py - INFO: 点击登录
2017-11-27 10:25:23,529 - logger.py - INFO: -------登录用例执行完成-------
2017-11-27 10:29:32,061 - logger.py - INFO: --------------------------- START ---------------------------
2017-11-27 10:29:39,802 - logger.py - INFO: ----- 用例 (test_login_user_pwd)：用户名密码正确，成功登录
2017-11-27 10:29:40,911 - logger.py - INFO: 输入用户名
2017-11-27 10:29:41,026 - logger.py - INFO: 输入密码
2017-11-27 10:29:41,441 - logger.py - INFO: 点击登录
2017-11-27 10:29:47,213 - logger.py - INFO: -------登录用例执行完成-------
2017-11-27 10:36:14,914 - logger.py - INFO: ----- 用例 (test_login_user_pwd)：用户名密码正确，成功登录
2017-11-27 10:36:15,976 - logger.py - INFO: 输入用户名
2017-11-27 10:36:16,464 - logger.py - INFO: 输入密码
2017-11-27 10:36:16,562 - logger.py - INFO: 点击登录
2017-11-27 10:38:36,177 - logger.py - INFO: --------------------------- START ---------------------------
2017-11-27 10:38:43,447 - logger.py - INFO: ----- 用例 (test_login_user_pwd)：用户名密码正确，成功登录
2017-11-27 10:38:44,760 - logger.py - INFO: 输入用户名
2017-11-27 10:38:44,890 - logger.py - INFO: 输入密码
2017-11-27 10:38:45,306 - logger.py - INFO: 点击登录
2017-11-27 10:38:51,042 - logger.py - INFO: -------登录用例执行完成-------
2017-11-27 10:42:08,151 - logger.py - INFO: --------------------------- START ---------------------------
2017-11-27 10:42:15,888 - logger.py - INFO: ----- 用例 (test_login_user_pwd)：用户名密码正确，成功登录
2017-11-27 10:42:16,951 - logger.py - INFO: 输入用户名
2017-11-27 10:42:17,061 - logger.py - INFO: 输入密码
2017-11-27 10:42:17,490 - logger.py - INFO: 点击登录
2017-11-27 10:49:30,265 - logger.py - INFO: --------------------------- START ---------------------------
2017-11-27 10:49:38,168 - logger.py - INFO: ----- 用例 (test_login_user_pwd)：用户名密码正确，成功登录
2017-11-27 10:49:39,348 - logger.py - INFO: 输入用户名
2017-11-27 10:49:39,476 - logger.py - INFO: 输入密码
2017-11-27 10:49:39,576 - logger.py - INFO: 点击登录
2017-11-27 10:49:45,622 - logger.py - INFO: -------登录用例执行完成-------
2017-11-27 10:55:38,796 - logger.py - INFO: --------------------------- START ---------------------------
2017-11-27 10:55:46,066 - logger.py - INFO: ----- 用例 (test_login_user_pwd)：用户名密码正确，成功登录
2017-11-27 10:55:47,362 - logger.py - INFO: 输入用户名
2017-11-27 10:55:47,469 - logger.py - INFO: 输入密码
2017-11-27 10:55:47,897 - logger.py - INFO: 点击登录
2017-11-27 10:55:53,651 - logger.py - INFO: -------登录用例执行完成-------
2017-11-27 10:59:09,128 - logger.py - INFO: --------------------------- START ---------------------------
2017-11-27 10:59:16,923 - logger.py - INFO: ----- 用例 (test_login_user_pwd)：用户名密码正确，成功登录
2017-11-27 10:59:18,246 - logger.py - INFO: 输入用户名
2017-11-27 10:59:18,348 - logger.py - INFO: 输入密码
2017-11-27 10:59:18,769 - logger.py - INFO: 点击登录
2017-11-27 10:59:24,904 - logger.py - INFO: -------登录用例执行完成-------
2017-11-27 11:18:27,631 - logger.py - INFO: --------------------------- START ---------------------------
2017-11-27 14:23:13,124 - logger.py - INFO: --------------------------- START ---------------------------
2017-11-27 14:23:20,818 - logger.py - INFO: ----- 用例 (test_login_user_pwd)：用户名密码正确，成功登录
2017-11-27 14:23:22,065 - logger.py - INFO: 输入用户名
2017-11-27 14:23:22,168 - logger.py - INFO: 输入密码
2017-11-27 14:23:22,572 - logger.py - INFO: 点击登录
2017-11-27 14:23:28,615 - logger.py - INFO: -------登录用例执行完成-------
2017-11-27 14:24:14,799 - logger.py - INFO: --------------------------- START ---------------------------
2017-11-27 14:24:22,009 - logger.py - INFO: ----- 用例 (test_login_user_pwd)：用户名密码正确，成功登录
2017-11-27 14:24:23,125 - logger.py - INFO: 输入用户名
2017-11-27 14:24:23,229 - logger.py - INFO: 输入密码
2017-11-27 14:24:23,375 - logger.py - INFO: 点击登录
2017-11-27 14:24:29,463 - logger.py - INFO: -------登录用例执行完成-------
2017-11-27 14:26:02,257 - logger.py - INFO: --------------------------- START ---------------------------
2017-11-27 14:26:09,898 - logger.py - INFO: ----- 用例 (test_login_user_pwd)：用户名密码正确，成功登录
2017-11-27 14:26:11,112 - logger.py - INFO: 输入用户名
2017-11-27 14:26:11,207 - logger.py - INFO: 输入密码
2017-11-27 14:26:11,338 - logger.py - INFO: 点击登录
2017-11-27 14:26:17,760 - logger.py - INFO: -------登录用例执行完成-------
2017-11-27 14:26:24,342 - logger.py - INFO: --------------------------- START ---------------------------
2017-11-27 14:26:31,959 - logger.py - INFO: ----- 用例 (test_login_user_pwd)：用户名密码正确，成功登录
2017-11-27 14:26:33,013 - logger.py - INFO: 输入用户名
2017-11-27 14:26:33,121 - logger.py - INFO: 输入密码
2017-11-27 14:26:33,536 - logger.py - INFO: 点击登录
2017-11-27 14:26:39,644 - logger.py - INFO: -------登录用例执行完成-------
2017-11-27 14:27:47,513 - logger.py - INFO: --------------------------- START ---------------------------
2017-11-27 14:27:54,607 - logger.py - INFO: ----- 用例 (test_login_user_pwd)：用户名密码正确，成功登录
2017-11-27 14:27:55,670 - logger.py - INFO: 输入用户名
2017-11-27 14:27:55,766 - logger.py - INFO: 输入密码
2017-11-27 14:27:55,861 - logger.py - INFO: 点击登录
2017-11-27 14:28:01,917 - logger.py - INFO: -------登录用例执行完成-------
2017-11-27 14:33:15,552 - logger.py - INFO: --------------------------- START ---------------------------
2017-11-27 14:33:22,704 - logger.py - INFO: ----- 用例 (test_login_user_pwd)：用户名密码正确，成功登录
2017-11-27 14:33:23,769 - logger.py - INFO: 输入用户名
2017-11-27 14:33:23,868 - logger.py - INFO: 输入密码
2017-11-27 14:33:23,954 - logger.py - INFO: 点击登录
2017-11-27 14:33:30,066 - logger.py - INFO: -------登录用例执行完成-------
2017-11-27 14:38:04,789 - logger.py - INFO: --------------------------- START ---------------------------
2017-11-27 14:38:12,397 - logger.py - INFO: ----- 用例 (test_login_user_pwd)：用户名密码正确，成功登录
2017-11-27 14:38:13,457 - logger.py - INFO: 输入用户名
2017-11-27 14:38:13,555 - logger.py - INFO: 输入密码
2017-11-27 14:38:13,957 - logger.py - INFO: 点击登录
2017-11-27 14:38:20,042 - logger.py - INFO: -------登录用例执行完成-------
2017-11-27 14:41:56,253 - logger.py - INFO: --------------------------- START ---------------------------
2017-11-27 14:42:03,910 - logger.py - INFO: ----- 用例 (test_login_user_pwd)：用户名密码正确，成功登录
2017-11-27 14:42:05,032 - logger.py - INFO: 输入用户名
2017-11-27 14:42:05,141 - logger.py - INFO: 输入密码
2017-11-27 14:42:05,230 - logger.py - INFO: 点击登录
2017-11-27 14:42:11,325 - logger.py - INFO: -------登录用例执行完成-------
2017-11-27 14:43:17,428 - logger.py - INFO: --------------------------- START ---------------------------
2017-11-27 14:43:24,513 - logger.py - INFO: ----- 用例 (test_login_user_pwd)：用户名密码正确，成功登录
2017-11-27 14:43:25,582 - logger.py - INFO: 输入用户名
2017-11-27 14:43:25,693 - logger.py - INFO: 输入密码
2017-11-27 14:43:26,089 - logger.py - INFO: 点击登录
2017-11-27 14:43:32,187 - logger.py - INFO: -------登录用例执行完成-------
2017-11-27 14:44:04,790 - logger.py - INFO: --------------------------- START ---------------------------
2017-11-27 14:44:12,286 - logger.py - INFO: ----- 用例 (test_login_user_pwd)：用户名密码正确，成功登录
2017-11-27 14:44:13,454 - logger.py - INFO: 输入用户名
2017-11-27 14:44:13,561 - logger.py - INFO: 输入密码
2017-11-27 14:44:13,966 - logger.py - INFO: 点击登录
2017-11-27 14:44:20,069 - logger.py - INFO: -------登录用例执行完成-------
2017-11-27 14:46:25,701 - logger.py - INFO: --------------------------- START ---------------------------
2017-11-27 14:46:33,319 - logger.py - INFO: ----- 用例 (test_login_user_pwd)：用户名密码正确，成功登录
2017-11-27 14:46:34,430 - logger.py - INFO: 输入用户名
2017-11-27 14:46:34,532 - logger.py - INFO: 输入密码
2017-11-27 14:46:34,622 - logger.py - INFO: 点击登录
2017-11-27 14:46:40,709 - logger.py - INFO: -------登录用例执行完成-------
2017-11-27 14:47:37,842 - logger.py - INFO: --------------------------- START ---------------------------
2017-11-27 14:47:45,006 - logger.py - INFO: ----- 用例 (test_login_user_pwd)：用户名密码正确，成功登录
2017-11-27 14:47:46,105 - logger.py - INFO: 输入用户名
2017-11-27 14:47:46,207 - logger.py - INFO: 输入密码
2017-11-27 14:47:46,296 - logger.py - INFO: 点击登录
2017-11-27 14:47:52,385 - logger.py - INFO: -------登录用例执行完成-------
2017-11-27 14:48:15,051 - logger.py - INFO: --------------------------- START ---------------------------
2017-11-27 14:48:22,719 - logger.py - INFO: ----- 用例 (test_login_user_pwd)：用户名密码正确，成功登录
2017-11-27 14:48:23,894 - logger.py - INFO: 输入用户名
2017-11-27 14:48:23,990 - logger.py - INFO: 输入密码
2017-11-27 14:48:24,094 - logger.py - INFO: 点击登录
2017-11-27 14:48:30,457 - logger.py - INFO: -------登录用例执行完成-------
2017-11-27 14:49:49,688 - logger.py - INFO: --------------------------- START ---------------------------
2017-11-27 14:49:57,293 - logger.py - INFO: ----- 用例 (test_login_user_pwd)：用户名密码正确，成功登录
2017-11-27 14:49:58,401 - logger.py - INFO: 输入用户名
2017-11-27 14:49:58,503 - logger.py - INFO: 输入密码
2017-11-27 14:49:58,897 - logger.py - INFO: 点击登录
2017-11-27 14:50:04,969 - logger.py - INFO: -------登录用例执行完成-------
2017-11-27 14:55:10,381 - logger.py - INFO: --------------------------- START ---------------------------
2017-11-27 14:55:18,065 - logger.py - INFO: ----- 用例 (test_login_user_pwd)：用户名密码正确，成功登录
2017-11-27 14:55:19,065 - logger.py - INFO: 输入用户名
2017-11-27 14:55:19,173 - logger.py - INFO: 输入密码
2017-11-27 14:55:19,591 - logger.py - INFO: 点击登录
2017-11-27 14:55:25,693 - logger.py - INFO: -------登录用例执行完成-------
2017-11-27 14:56:34,369 - logger.py - INFO: --------------------------- START ---------------------------
2017-11-27 14:56:41,976 - logger.py - INFO: ----- 用例 (test_login_user_pwd)：用户名密码正确，成功登录
2017-11-27 14:56:43,076 - logger.py - INFO: 输入用户名
2017-11-27 14:56:43,174 - logger.py - INFO: 输入密码
2017-11-27 14:56:43,578 - logger.py - INFO: 点击登录
2017-11-27 14:56:49,673 - logger.py - INFO: -------登录用例执行完成-------
2017-11-27 14:57:35,108 - logger.py - INFO: --------------------------- START ---------------------------
2017-11-27 14:57:42,696 - logger.py - INFO: ----- 用例 (test_login_user_pwd)：用户名密码正确，成功登录
2017-11-27 14:57:43,767 - logger.py - INFO: 输入用户名
2017-11-27 14:57:43,865 - logger.py - INFO: 输入密码
2017-11-27 14:57:44,272 - logger.py - INFO: 点击登录
2017-11-27 14:57:50,345 - logger.py - INFO: -------登录用例执行完成-------
2017-11-27 15:01:31,177 - logger.py - INFO: --------------------------- START ---------------------------
2017-11-27 15:01:38,773 - logger.py - INFO: ----- 用例 (test_login_user_pwd)：用户名密码正确，成功登录
2017-11-27 15:01:39,917 - logger.py - INFO: 输入用户名
2017-11-27 15:01:40,017 - logger.py - INFO: 输入密码
2017-11-27 15:01:40,417 - logger.py - INFO: 点击登录
2017-11-27 15:01:46,502 - logger.py - INFO: -------登录用例执行完成-------
2017-11-27 16:17:40,441 - logger.py - INFO: --------------------------- START ---------------------------
2017-11-27 16:17:47,661 - logger.py - INFO: ----- 用例 (test_login_user_pwd)：用户名密码正确，成功登录
2017-11-27 16:17:48,773 - logger.py - INFO: 输入用户名
2017-11-27 16:17:48,874 - logger.py - INFO: 输入密码
2017-11-27 16:17:48,974 - logger.py - INFO: 点击登录
2017-11-27 16:17:55,359 - logger.py - INFO: -------登录用例执行完成-------
2017-11-27 16:18:36,732 - logger.py - INFO: --------------------------- START ---------------------------
2017-11-27 16:18:44,354 - logger.py - INFO: ----- 用例 (test_login_user_pwd)：用户名密码正确，成功登录
2017-11-27 16:18:45,517 - logger.py - INFO: 输入用户名
2017-11-27 16:18:45,634 - logger.py - INFO: 输入密码
2017-11-27 16:18:46,069 - logger.py - INFO: 点击登录
2017-11-27 16:18:52,181 - logger.py - INFO: -------登录用例执行完成-------
2017-11-27 16:19:32,151 - logger.py - INFO: --------------------------- START ---------------------------
2017-11-27 16:19:39,776 - logger.py - INFO: ----- 用例 (test_login_user_pwd)：用户名密码正确，成功登录
2017-11-27 16:19:40,838 - logger.py - INFO: 输入用户名
2017-11-27 16:19:40,936 - logger.py - INFO: 输入密码
2017-11-27 16:19:41,036 - logger.py - INFO: 点击登录
2017-11-27 16:19:47,444 - logger.py - INFO: -------登录用例执行完成-------
2017-11-27 16:20:44,953 - logger.py - INFO: --------------------------- START ---------------------------
2017-11-27 16:20:52,592 - logger.py - INFO: ----- 用例 (test_login_user_pwd)：用户名密码正确，成功登录
2017-11-27 16:20:53,727 - logger.py - INFO: 输入用户名
2017-11-27 16:20:53,838 - logger.py - INFO: 输入密码
2017-11-27 16:20:53,927 - logger.py - INFO: 点击登录
2017-11-27 16:21:00,016 - logger.py - INFO: -------登录用例执行完成-------
2017-11-27 16:23:19,898 - logger.py - INFO: --------------------------- START ---------------------------
2017-11-27 16:23:27,572 - logger.py - INFO: ----- 用例 (test_login_user_pwd)：用户名密码正确，成功登录
2017-11-27 16:23:28,624 - logger.py - INFO: 输入用户名
2017-11-27 16:23:28,726 - logger.py - INFO: 输入密码
2017-11-27 16:23:29,122 - logger.py - INFO: 点击登录
2017-11-27 16:23:35,223 - logger.py - INFO: -------登录用例执行完成-------
2017-11-27 16:25:39,967 - logger.py - INFO: --------------------------- START ---------------------------
2017-11-27 16:25:47,621 - logger.py - INFO: ----- 用例 (test_login_user_pwd)：用户名密码正确，成功登录
2017-11-27 16:25:48,766 - logger.py - INFO: 输入用户名
2017-11-27 16:25:48,868 - logger.py - INFO: 输入密码
2017-11-27 16:25:48,957 - logger.py - INFO: 点击登录
2017-11-27 16:25:54,996 - logger.py - INFO: -------登录用例执行完成-------
2017-11-27 16:33:05,174 - logger.py - INFO: --------------------------- START ---------------------------
2017-11-27 16:33:12,755 - logger.py - INFO: ----- 用例 (test_login_user_pwd)：用户名密码正确，成功登录
2017-11-27 16:33:13,713 - logger.py - INFO: 输入用户名
2017-11-27 16:33:13,819 - logger.py - INFO: 输入密码
2017-11-27 16:33:14,216 - logger.py - INFO: 点击登录
2017-11-27 16:33:20,282 - logger.py - INFO: -------登录用例执行完成-------
2017-11-27 16:35:08,575 - logger.py - INFO: --------------------------- START ---------------------------
2017-11-27 16:35:16,188 - logger.py - INFO: ----- 用例 (test_login_user_pwd)：用户名密码正确，成功登录
2017-11-27 16:35:17,329 - logger.py - INFO: 输入用户名
2017-11-27 16:35:17,780 - logger.py - INFO: 输入密码
2017-11-27 16:35:17,869 - logger.py - INFO: 点击登录
2017-11-27 16:35:23,971 - logger.py - INFO: -------登录用例执行完成-------
2017-11-27 16:42:11,358 - logger.py - INFO: --------------------------- START ---------------------------
2017-11-27 16:42:19,078 - logger.py - INFO: ----- 用例 (test_login_user_pwd)：用户名密码正确，成功登录
2017-11-27 16:42:20,266 - logger.py - INFO: 输入用户名
2017-11-27 16:42:20,375 - logger.py - INFO: 输入密码
2017-11-27 16:42:20,799 - logger.py - INFO: 点击登录
2017-11-27 16:42:26,923 - logger.py - INFO: -------登录用例执行完成-------
2017-11-27 16:42:58,650 - logger.py - INFO: --------------------------- START ---------------------------
2017-11-27 16:43:06,398 - logger.py - INFO: ----- 用例 (test_login_user_pwd)：用户名密码正确，成功登录
2017-11-27 16:43:07,575 - logger.py - INFO: 输入用户名
2017-11-27 16:43:07,678 - logger.py - INFO: 输入密码
2017-11-27 16:43:07,778 - logger.py - INFO: 点击登录
2017-11-27 16:43:13,865 - logger.py - INFO: -------登录用例执行完成-------
2017-11-27 16:45:30,006 - logger.py - INFO: --------------------------- START ---------------------------
2017-11-27 16:45:37,747 - logger.py - INFO: ----- 用例 (test_login_user_pwd)：用户名密码正确，成功登录
2017-11-27 16:45:38,780 - logger.py - INFO: 输入用户名
2017-11-27 16:45:38,890 - logger.py - INFO: 输入密码
2017-11-27 16:45:39,305 - logger.py - INFO: 点击登录
2017-11-27 16:45:45,456 - logger.py - INFO: -------登录用例执行完成-------
2017-11-27 16:47:10,443 - logger.py - INFO: --------------------------- START ---------------------------
2017-11-27 16:47:18,147 - logger.py - INFO: ----- 用例 (test_login_user_pwd)：用户名密码正确，成功登录
2017-11-27 16:47:19,473 - logger.py - INFO: 输入用户名
2017-11-27 16:47:19,576 - logger.py - INFO: 输入密码
2017-11-27 16:47:20,003 - logger.py - INFO: 点击登录
2017-11-27 16:47:26,066 - logger.py - INFO: -------登录用例执行完成-------
2017-11-27 16:47:59,362 - logger.py - INFO: --------------------------- START ---------------------------
2017-11-27 16:48:06,625 - logger.py - INFO: ----- 用例 (test_login_user_pwd)：用户名密码正确，成功登录
2017-11-27 16:48:07,812 - logger.py - INFO: 输入用户名
2017-11-27 16:48:07,926 - logger.py - INFO: 输入密码
2017-11-27 16:48:08,345 - logger.py - INFO: 点击登录
2017-11-27 16:48:14,415 - logger.py - INFO: -------登录用例执行完成-------
2017-11-27 16:50:31,328 - logger.py - INFO: --------------------------- START ---------------------------
2017-11-27 16:50:38,594 - logger.py - INFO: ----- 用例 (test_login_user_pwd)：用户名密码正确，成功登录
2017-11-27 16:50:39,732 - logger.py - INFO: 输入用户名
2017-11-27 16:50:39,868 - logger.py - INFO: 输入密码
2017-11-27 16:50:40,292 - logger.py - INFO: 点击登录
2017-11-27 16:50:46,430 - logger.py - INFO: -------登录用例执行完成-------
2017-11-27 16:51:46,042 - logger.py - INFO: --------------------------- START ---------------------------
2017-11-27 16:51:53,861 - logger.py - INFO: ----- 用例 (test_login_user_pwd)：用户名密码正确，成功登录
2017-11-27 16:51:54,894 - logger.py - INFO: 输入用户名
2017-11-27 16:51:55,006 - logger.py - INFO: 输入密码
2017-11-27 16:51:55,109 - logger.py - INFO: 点击登录
2017-11-27 16:52:01,551 - logger.py - INFO: -------登录用例执行完成-------
2017-11-27 16:55:42,645 - logger.py - INFO: --------------------------- START ---------------------------
2017-11-27 16:55:50,391 - logger.py - INFO: ----- 用例 (test_login_user_pwd)：用户名密码正确，成功登录
2017-11-27 16:55:51,595 - logger.py - INFO: 输入用户名
2017-11-27 16:55:51,720 - logger.py - INFO: 输入密码
2017-11-27 16:55:51,823 - logger.py - INFO: 点击登录
2017-11-27 16:55:57,910 - logger.py - INFO: -------登录用例执行完成-------
2017-11-27 16:57:21,061 - logger.py - INFO: --------------------------- START ---------------------------
2017-11-27 16:57:28,710 - logger.py - INFO: ----- 用例 (test_login_user_pwd)：用户名密码正确，成功登录
2017-11-27 16:57:29,818 - logger.py - INFO: 输入用户名
2017-11-27 16:57:29,924 - logger.py - INFO: 输入密码
2017-11-27 16:57:30,355 - logger.py - INFO: 点击登录
2017-11-27 16:57:36,460 - logger.py - INFO: -------登录用例执行完成-------
2017-11-27 16:58:28,997 - logger.py - INFO: --------------------------- START ---------------------------
2017-11-27 16:58:36,683 - logger.py - INFO: ----- 用例 (test_login_user_pwd)：用户名密码正确，成功登录
2017-11-27 16:58:37,766 - logger.py - INFO: 输入用户名
2017-11-27 16:58:37,864 - logger.py - INFO: 输入密码
2017-11-27 16:58:38,293 - logger.py - INFO: 点击登录
2017-11-27 16:58:44,401 - logger.py - INFO: -------登录用例执行完成-------
2017-11-27 17:01:10,670 - logger.py - INFO: --------------------------- START ---------------------------
2017-11-27 17:01:18,367 - logger.py - INFO: ----- 用例 (test_login_user_pwd)：用户名密码正确，成功登录
2017-11-27 17:01:19,526 - logger.py - INFO: 输入用户名
2017-11-27 17:01:19,628 - logger.py - INFO: 输入密码
2017-11-27 17:01:19,733 - logger.py - INFO: 点击登录
2017-11-27 17:01:26,107 - logger.py - INFO: -------登录用例执行完成-------
2017-11-27 17:02:37,289 - logger.py - INFO: --------------------------- START ---------------------------
2017-11-27 17:02:44,512 - logger.py - INFO: ----- 用例 (test_login_user_pwd)：用户名密码正确，成功登录
2017-11-27 17:02:45,555 - logger.py - INFO: 输入用户名
2017-11-27 17:02:45,665 - logger.py - INFO: 输入密码
2017-11-27 17:02:46,088 - logger.py - INFO: 点击登录
2017-11-27 17:02:52,204 - logger.py - INFO: -------登录用例执行完成-------
2017-11-27 17:04:43,153 - logger.py - INFO: --------------------------- START ---------------------------
2017-11-27 17:04:48,354 - logger.py - INFO: ----- 用例 (test_login_user_pwd)：用户名密码正确，成功登录
2017-11-27 17:04:48,878 - logger.py - INFO: 输入用户名
2017-11-27 17:04:48,943 - logger.py - INFO: 输入密码
2017-11-27 17:04:49,029 - logger.py - INFO: 点击登录
2017-11-27 17:04:52,286 - logger.py - INFO: -------登录用例执行完成-------
2017-11-27 17:05:20,529 - logger.py - INFO: --------------------------- START ---------------------------
2017-11-27 17:05:27,604 - logger.py - INFO: ----- 用例 (test_login_user_pwd)：用户名密码正确，成功登录
2017-11-27 17:05:28,131 - logger.py - INFO: 输入用户名
2017-11-27 17:05:28,194 - logger.py - INFO: 输入密码
2017-11-27 17:05:28,273 - logger.py - INFO: 点击登录
2017-11-27 17:05:31,469 - logger.py - INFO: -------登录用例执行完成-------
2017-11-27 17:06:31,486 - logger.py - INFO: --------------------------- START ---------------------------
2017-11-27 17:06:38,565 - logger.py - INFO: ----- 用例 (test_login_user_pwd)：用户名密码正确，成功登录
2017-11-27 17:06:38,990 - logger.py - INFO: 输入用户名
2017-11-27 17:06:39,059 - logger.py - INFO: 输入密码
2017-11-27 17:06:39,134 - logger.py - INFO: 点击登录
2017-11-27 17:06:42,299 - logger.py - INFO: -------登录用例执行完成-------
2017-11-27 17:09:36,904 - logger.py - INFO: --------------------------- START ---------------------------
2017-11-27 17:09:43,986 - logger.py - INFO: ----- 用例 (test_login_user_pwd)：用户名密码正确，成功登录
2017-11-27 17:09:44,513 - logger.py - INFO: 输入用户名
2017-11-27 17:09:44,575 - logger.py - INFO: 输入密码
2017-11-27 17:09:44,651 - logger.py - INFO: 点击登录
2017-11-27 17:09:47,927 - logger.py - INFO: -------登录用例执行完成-------
2017-11-27 17:19:00,457 - logger.py - INFO: --------------------------- START ---------------------------
2017-11-27 17:19:07,529 - logger.py - INFO: ----- 用例 (test_login_user_pwd)：用户名密码正确，成功登录
2017-11-27 17:19:09,086 - logger.py - INFO: 输入用户名
2017-11-27 17:19:09,147 - logger.py - INFO: 输入密码
2017-11-27 17:19:09,226 - logger.py - INFO: 点击登录
2017-11-27 17:19:12,792 - logger.py - INFO: -------登录用例执行完成-------
2017-11-27 17:20:15,894 - logger.py - INFO: --------------------------- START ---------------------------
2017-11-27 17:20:23,005 - logger.py - INFO: ----- 用例 (test_login_user_pwd)：用户名密码正确，成功登录
2017-11-27 17:20:23,749 - logger.py - INFO: 输入用户名
2017-11-27 17:20:23,816 - logger.py - INFO: 输入密码
2017-11-27 17:20:23,898 - logger.py - INFO: 点击登录
2017-11-27 17:20:27,128 - logger.py - INFO: -------登录用例执行完成-------
2017-11-27 17:21:29,609 - logger.py - INFO: --------------------------- START ---------------------------
2017-11-27 17:21:36,690 - logger.py - INFO: ----- 用例 (test_login_user_pwd)：用户名密码正确，成功登录
2017-11-27 17:21:37,132 - logger.py - INFO: 输入用户名
2017-11-27 17:21:37,194 - logger.py - INFO: 输入密码
2017-11-27 17:21:37,279 - logger.py - INFO: 点击登录
2017-11-27 17:21:40,489 - logger.py - INFO: -------登录用例执行完成-------
2017-11-27 17:24:41,059 - logger.py - INFO: --------------------------- START ---------------------------
2017-11-27 17:24:48,141 - logger.py - INFO: ----- 用例 (test_login_user_pwd)：用户名密码正确，成功登录
2017-11-27 17:24:48,668 - logger.py - INFO: 输入用户名
2017-11-27 17:24:48,733 - logger.py - INFO: 输入密码
2017-11-27 17:24:48,811 - logger.py - INFO: 点击登录
2017-11-27 17:24:52,075 - logger.py - INFO: -------登录用例执行完成-------
2017-11-27 17:53:24,065 - logger.py - INFO: --------------------------- START ---------------------------
2017-11-27 17:53:31,161 - logger.py - INFO: ----- 用例 (test_login_user_pwd)：用户名密码正确，成功登录
2017-11-27 17:53:31,716 - logger.py - INFO: 输入用户名
2017-11-27 17:53:31,778 - logger.py - INFO: 输入密码
2017-11-27 17:53:31,855 - logger.py - INFO: 点击登录
2017-11-27 17:53:35,140 - logger.py - INFO: -------登录用例执行完成-------
2017-11-27 17:53:50,088 - logger.py - INFO: --------------------------- START ---------------------------
2017-11-27 17:53:57,167 - logger.py - INFO: ----- 用例 (test_login_user_pwd)：用户名密码正确，成功登录
2017-11-27 17:53:57,621 - logger.py - INFO: 输入用户名
2017-11-27 17:53:57,684 - logger.py - INFO: 输入密码
2017-11-27 17:53:57,773 - logger.py - INFO: 点击登录
2017-11-27 17:54:01,009 - logger.py - INFO: -------登录用例执行完成-------
2017-11-27 17:56:18,961 - logger.py - INFO: --------------------------- START ---------------------------
2017-11-27 17:56:26,032 - logger.py - INFO: ----- 用例 (test_login_user_pwd)：用户名密码正确，成功登录
2017-11-27 17:56:26,471 - logger.py - INFO: 输入用户名
2017-11-27 17:56:26,540 - logger.py - INFO: 输入密码
2017-11-27 17:56:26,630 - logger.py - INFO: 点击登录
2017-11-27 17:56:29,867 - logger.py - INFO: -------登录用例执行完成-------
2017-11-27 17:56:49,138 - logger.py - INFO: --------------------------- START ---------------------------
2017-11-27 17:56:53,707 - logger.py - INFO: ----- 用例 (test_login_user_pwd)：用户名密码正确，成功登录
2017-11-27 17:56:54,131 - logger.py - INFO: 输入用户名
2017-11-27 17:56:54,197 - logger.py - INFO: 输入密码
2017-11-27 17:56:54,276 - logger.py - INFO: 点击登录
2017-11-27 17:56:57,509 - logger.py - INFO: -------登录用例执行完成-------
2017-11-27 18:04:34,191 - logger.py - INFO: --------------------------- START ---------------------------
2017-11-27 18:04:41,631 - logger.py - INFO: ----- 用例 (test_login_user_pwd)：用户名密码正确，成功登录
2017-11-27 18:04:42,285 - logger.py - INFO: 输入用户名
2017-11-27 18:04:42,525 - logger.py - INFO: 输入密码
2017-11-27 18:04:42,645 - logger.py - INFO: 点击登录
2017-11-27 18:04:45,865 - logger.py - INFO: -------登录用例执行完成-------
2017-11-27 18:19:10,115 - logger.py - INFO: --------------------------- START ---------------------------
2017-11-27 18:19:17,178 - logger.py - INFO: ----- 用例 (test_login_user_pwd)：用户名密码正确，成功登录
2017-11-27 18:19:17,707 - logger.py - INFO: 输入用户名
2017-11-27 18:19:17,772 - logger.py - INFO: 输入密码
2017-11-27 18:19:17,855 - logger.py - INFO: 点击登录
2017-11-27 18:19:21,134 - logger.py - INFO: -------登录用例执行完成-------
2017-11-27 18:20:51,980 - logger.py - INFO: --------------------------- START ---------------------------
2017-11-27 18:20:59,049 - logger.py - INFO: ----- 用例 (test_login_user_pwd)：用户名密码正确，成功登录
2017-11-27 18:20:59,484 - logger.py - INFO: 输入用户名
2017-11-27 18:20:59,546 - logger.py - INFO: 输入密码
2017-11-27 18:20:59,630 - logger.py - INFO: 点击登录
2017-11-27 18:21:02,878 - logger.py - INFO: -------登录用例执行完成-------
2017-11-27 18:21:55,926 - logger.py - INFO: --------------------------- START ---------------------------
2017-11-27 18:22:00,992 - logger.py - INFO: ----- 用例 (test_login_user_pwd)：用户名密码正确，成功登录
2017-11-27 18:22:01,417 - logger.py - INFO: 输入用户名
2017-11-27 18:22:01,483 - logger.py - INFO: 输入密码
2017-11-27 18:22:01,569 - logger.py - INFO: 点击登录
2017-11-27 18:22:04,842 - logger.py - INFO: -------登录用例执行完成-------
2017-11-27 18:41:12,443 - logger.py - INFO: --------------------------- START ---------------------------
2017-11-27 18:41:19,503 - logger.py - INFO: ----- 用例 (test_login_user_pwd)：用户名密码正确，成功登录
2017-11-27 18:41:19,931 - logger.py - INFO: 输入用户名
2017-11-27 18:41:19,999 - logger.py - INFO: 输入密码
2017-11-27 18:41:20,088 - logger.py - INFO: 点击登录
2017-11-27 18:41:23,312 - logger.py - INFO: -------登录用例执行完成-------
